<?xml version="1.0" encoding="UTF-8"?>
<coverage generated="1532330241778" clover="3.2.0">
  <project timestamp="1532330241778" name="All files">
    <metrics statements="449" coveredstatements="307" conditionals="182" coveredconditionals="133" methods="90" coveredmethods="57" elements="721" coveredelements="497" complexity="0" loc="449" ncloc="449" packages="5" files="21" classes="21">
      <package name="app.controllers">
        <metrics statements="321" coveredstatements="221" conditionals="172" coveredconditionals="128" methods="57" coveredmethods="41"/>
        <file name="auth.js" path="C:\Users\italo\Documents\uni\road\ES-Backend\app\controllers\auth.js">
          <metrics statements="24" coveredstatements="17" conditionals="6" coveredconditionals="3" methods="8" coveredmethods="6"/>
          <line num="1" count="4" type="stmt"/>
          <line num="3" count="4" type="stmt"/>
          <line num="4" count="4" type="stmt"/>
          <line num="6" count="4" type="stmt"/>
          <line num="14" count="4" type="stmt"/>
          <line num="15" count="6" type="stmt"/>
          <line num="18" count="6" type="cond" truecount="1" falsecount="1"/>
          <line num="19" count="0" type="stmt"/>
          <line num="22" count="6" type="cond" truecount="1" falsecount="1"/>
          <line num="23" count="0" type="stmt"/>
          <line num="26" count="6" type="stmt"/>
          <line num="31" count="6" type="stmt"/>
          <line num="32" count="6" type="stmt"/>
          <line num="41" count="0" type="stmt"/>
          <line num="45" count="0" type="stmt"/>
          <line num="46" count="0" type="stmt"/>
          <line num="55" count="4" type="stmt"/>
          <line num="56" count="1" type="stmt"/>
          <line num="57" count="1" type="stmt"/>
          <line num="58" count="1" type="cond" truecount="1" falsecount="1"/>
          <line num="59" count="0" type="stmt"/>
          <line num="60" count="0" type="stmt"/>
          <line num="62" count="1" type="stmt"/>
          <line num="66" count="4" type="stmt"/>
        </file>
        <file name="car.js" path="C:\Users\italo\Documents\uni\road\ES-Backend\app\controllers\car.js">
          <metrics statements="73" coveredstatements="54" conditionals="48" coveredconditionals="40" methods="17" coveredmethods="12"/>
          <line num="1" count="4" type="stmt"/>
          <line num="2" count="4" type="stmt"/>
          <line num="3" count="4" type="stmt"/>
          <line num="5" count="4" type="stmt"/>
          <line num="6" count="4" type="stmt"/>
          <line num="8" count="4" type="stmt"/>
          <line num="10" count="4" type="stmt"/>
          <line num="12" count="4" type="stmt"/>
          <line num="14" count="4" type="stmt"/>
          <line num="17" count="6" type="stmt"/>
          <line num="18" count="6" type="stmt"/>
          <line num="20" count="6" type="stmt"/>
          <line num="24" count="6" type="stmt"/>
          <line num="26" count="6" type="cond" truecount="6" falsecount="0"/>
          <line num="27" count="6" type="cond" truecount="6" falsecount="0"/>
          <line num="28" count="6" type="stmt"/>
          <line num="32" count="4" type="stmt"/>
          <line num="33" count="2" type="stmt"/>
          <line num="34" count="2" type="stmt"/>
          <line num="36" count="2" type="stmt"/>
          <line num="38" count="0" type="stmt"/>
          <line num="39" count="0" type="stmt"/>
          <line num="44" count="4" type="stmt"/>
          <line num="45" count="2" type="stmt"/>
          <line num="46" count="2" type="stmt"/>
          <line num="47" count="2" type="stmt"/>
          <line num="50" count="2" type="stmt"/>
          <line num="52" count="0" type="stmt"/>
          <line num="53" count="0" type="stmt"/>
          <line num="58" count="4" type="stmt"/>
          <line num="59" count="5" type="stmt"/>
          <line num="62" count="5" type="stmt"/>
          <line num="64" count="5" type="cond" truecount="2" falsecount="0"/>
          <line num="73" count="3" type="stmt"/>
          <line num="76" count="2" type="stmt"/>
          <line num="85" count="2" type="stmt"/>
          <line num="88" count="2" type="stmt"/>
          <line num="89" count="2" type="stmt"/>
          <line num="92" count="2" type="stmt"/>
          <line num="94" count="0" type="stmt"/>
          <line num="95" count="0" type="stmt"/>
          <line num="96" count="0" type="stmt"/>
          <line num="100" count="0" type="stmt"/>
          <line num="101" count="0" type="stmt"/>
          <line num="106" count="4" type="stmt"/>
          <line num="107" count="1" type="stmt"/>
          <line num="108" count="1" type="stmt"/>
          <line num="109" count="1" type="cond" truecount="1" falsecount="1"/>
          <line num="110" count="1" type="cond" truecount="1" falsecount="1"/>
          <line num="111" count="1" type="cond" truecount="1" falsecount="1"/>
          <line num="112" count="1" type="cond" truecount="1" falsecount="1"/>
          <line num="113" count="1" type="cond" truecount="1" falsecount="1"/>
          <line num="115" count="1" type="cond" truecount="1" falsecount="1"/>
          <line num="116" count="0" type="stmt"/>
          <line num="119" count="1" type="stmt"/>
          <line num="121" count="1" type="stmt"/>
          <line num="125" count="1" type="cond" truecount="1" falsecount="1"/>
          <line num="126" count="0" type="stmt"/>
          <line num="127" count="0" type="stmt"/>
          <line num="130" count="0" type="stmt"/>
          <line num="132" count="0" type="stmt"/>
          <line num="133" count="0" type="stmt"/>
          <line num="136" count="1" type="stmt"/>
          <line num="140" count="0" type="stmt"/>
          <line num="141" count="0" type="stmt"/>
          <line num="146" count="4" type="stmt"/>
          <line num="147" count="1" type="stmt"/>
          <line num="148" count="1" type="stmt"/>
          <line num="149" count="1" type="stmt"/>
          <line num="151" count="1" type="stmt"/>
          <line num="153" count="0" type="stmt"/>
          <line num="154" count="0" type="stmt"/>
          <line num="158" count="4" type="stmt"/>
        </file>
        <file name="mileage.js" path="C:\Users\italo\Documents\uni\road\ES-Backend\app\controllers\mileage.js">
          <metrics statements="41" coveredstatements="19" conditionals="7" coveredconditionals="2" methods="5" coveredmethods="3"/>
          <line num="1" count="4" type="stmt"/>
          <line num="3" count="4" type="stmt"/>
          <line num="4" count="12" type="stmt"/>
          <line num="5" count="12" type="stmt"/>
          <line num="6" count="12" type="stmt"/>
          <line num="8" count="12" type="stmt"/>
          <line num="10" count="12" type="stmt"/>
          <line num="11" count="4" type="stmt"/>
          <line num="12" count="4" type="stmt"/>
          <line num="17" count="12" type="stmt"/>
          <line num="18" count="0" type="stmt"/>
          <line num="19" count="0" type="stmt"/>
          <line num="20" count="0" type="stmt"/>
          <line num="21" count="0" type="cond" truecount="0" falsecount="2"/>
          <line num="22" count="0" type="stmt"/>
          <line num="23" count="0" type="stmt"/>
          <line num="25" count="0" type="stmt"/>
          <line num="27" count="0" type="stmt"/>
          <line num="28" count="0" type="stmt"/>
          <line num="32" count="12" type="stmt"/>
          <line num="37" count="4" type="stmt"/>
          <line num="38" count="4" type="stmt"/>
          <line num="39" count="4" type="cond" truecount="1" falsecount="1"/>
          <line num="40" count="4" type="stmt"/>
          <line num="46" count="4" type="stmt"/>
          <line num="47" count="4" type="stmt"/>
          <line num="49" count="0" type="stmt"/>
          <line num="51" count="0" type="stmt"/>
          <line num="52" count="0" type="stmt"/>
          <line num="56" count="12" type="stmt"/>
          <line num="57" count="0" type="stmt"/>
          <line num="58" count="0" type="stmt"/>
          <line num="59" count="0" type="stmt"/>
          <line num="60" count="0" type="stmt"/>
          <line num="61" count="0" type="cond" truecount="0" falsecount="2"/>
          <line num="62" count="0" type="stmt"/>
          <line num="63" count="0" type="stmt"/>
          <line num="65" count="0" type="stmt"/>
          <line num="67" count="0" type="stmt"/>
          <line num="68" count="0" type="stmt"/>
          <line num="72" count="12" type="stmt"/>
        </file>
        <file name="service.js" path="C:\Users\italo\Documents\uni\road\ES-Backend\app\controllers\service.js">
          <metrics statements="94" coveredstatements="75" conditionals="51" coveredconditionals="39" methods="8" coveredmethods="8"/>
          <line num="1" count="4" type="stmt"/>
          <line num="2" count="4" type="stmt"/>
          <line num="3" count="4" type="stmt"/>
          <line num="4" count="4" type="stmt"/>
          <line num="6" count="4" type="stmt"/>
          <line num="7" count="4" type="stmt"/>
          <line num="8" count="4" type="stmt"/>
          <line num="9" count="4" type="stmt"/>
          <line num="11" count="4" type="stmt"/>
          <line num="13" count="4" type="stmt"/>
          <line num="20" count="6" type="stmt"/>
          <line num="21" count="6" type="cond" truecount="6" falsecount="0"/>
          <line num="22" count="6" type="cond" truecount="6" falsecount="0"/>
          <line num="23" count="6" type="stmt"/>
          <line num="27" count="6" type="stmt"/>
          <line num="31" count="6" type="stmt"/>
          <line num="34" count="4" type="stmt"/>
          <line num="35" count="11" type="stmt"/>
          <line num="36" count="11" type="stmt"/>
          <line num="39" count="4" type="stmt"/>
          <line num="40" count="2" type="stmt"/>
          <line num="41" count="2" type="stmt"/>
          <line num="42" count="2" type="stmt"/>
          <line num="43" count="2" type="cond" truecount="1" falsecount="1"/>
          <line num="44" count="2" type="stmt"/>
          <line num="45" count="2" type="stmt"/>
          <line num="47" count="0" type="stmt"/>
          <line num="49" count="0" type="stmt"/>
          <line num="50" count="0" type="stmt"/>
          <line num="54" count="4" type="stmt"/>
          <line num="55" count="2" type="stmt"/>
          <line num="56" count="2" type="stmt"/>
          <line num="57" count="2" type="stmt"/>
          <line num="58" count="2" type="stmt"/>
          <line num="59" count="2" type="cond" truecount="1" falsecount="1"/>
          <line num="60" count="2" type="stmt"/>
          <line num="61" count="2" type="stmt"/>
          <line num="63" count="0" type="stmt"/>
          <line num="65" count="0" type="stmt"/>
          <line num="66" count="0" type="stmt"/>
          <line num="70" count="4" type="stmt"/>
          <line num="71" count="5" type="stmt"/>
          <line num="72" count="5" type="stmt"/>
          <line num="73" count="5" type="stmt"/>
          <line num="74" count="5" type="cond" truecount="1" falsecount="1"/>
          <line num="81" count="5" type="stmt"/>
          <line num="83" count="5" type="stmt"/>
          <line num="85" count="5" type="cond" truecount="2" falsecount="0"/>
          <line num="93" count="3" type="stmt"/>
          <line num="96" count="2" type="stmt"/>
          <line num="105" count="2" type="stmt"/>
          <line num="109" count="2" type="cond" truecount="1" falsecount="1"/>
          <line num="110" count="2" type="stmt"/>
          <line num="111" count="2" type="stmt"/>
          <line num="115" count="2" type="stmt"/>
          <line num="116" count="2" type="stmt"/>
          <line num="118" count="0" type="stmt"/>
          <line num="119" count="0" type="stmt"/>
          <line num="122" count="0" type="stmt"/>
          <line num="125" count="0" type="stmt"/>
          <line num="127" count="0" type="stmt"/>
          <line num="128" count="0" type="stmt"/>
          <line num="132" count="4" type="stmt"/>
          <line num="133" count="1" type="stmt"/>
          <line num="134" count="1" type="stmt"/>
          <line num="135" count="1" type="stmt"/>
          <line num="136" count="1" type="cond" truecount="1" falsecount="1"/>
          <line num="139" count="1" type="stmt"/>
          <line num="141" count="1" type="stmt"/>
          <line num="142" count="1" type="cond" truecount="1" falsecount="1"/>
          <line num="143" count="1" type="cond" truecount="1" falsecount="1"/>
          <line num="144" count="1" type="cond" truecount="1" falsecount="1"/>
          <line num="145" count="1" type="cond" truecount="1" falsecount="1"/>
          <line num="147" count="1" type="stmt"/>
          <line num="149" count="1" type="cond" truecount="1" falsecount="1"/>
          <line num="150" count="0" type="stmt"/>
          <line num="153" count="1" type="stmt"/>
          <line num="155" count="1" type="stmt"/>
          <line num="158" count="1" type="stmt"/>
          <line num="160" count="0" type="stmt"/>
          <line num="162" count="0" type="stmt"/>
          <line num="163" count="0" type="stmt"/>
          <line num="167" count="4" type="stmt"/>
          <line num="168" count="1" type="stmt"/>
          <line num="169" count="1" type="stmt"/>
          <line num="170" count="1" type="stmt"/>
          <line num="171" count="1" type="stmt"/>
          <line num="172" count="1" type="cond" truecount="1" falsecount="1"/>
          <line num="173" count="1" type="stmt"/>
          <line num="174" count="1" type="stmt"/>
          <line num="176" count="0" type="stmt"/>
          <line num="178" count="0" type="stmt"/>
          <line num="179" count="0" type="stmt"/>
          <line num="183" count="4" type="stmt"/>
        </file>
        <file name="user.js" path="C:\Users\italo\Documents\uni\road\ES-Backend\app\controllers\user.js">
          <metrics statements="89" coveredstatements="56" conditionals="60" coveredconditionals="44" methods="19" coveredmethods="12"/>
          <line num="1" count="4" type="stmt"/>
          <line num="2" count="4" type="stmt"/>
          <line num="4" count="4" type="stmt"/>
          <line num="5" count="4" type="stmt"/>
          <line num="6" count="4" type="stmt"/>
          <line num="8" count="4" type="stmt"/>
          <line num="10" count="4" type="stmt"/>
          <line num="17" count="4" type="stmt"/>
          <line num="18" count="6" type="stmt"/>
          <line num="27" count="6" type="stmt"/>
          <line num="36" count="4" type="stmt"/>
          <line num="42" count="10" type="stmt"/>
          <line num="43" count="10" type="cond" truecount="6" falsecount="0"/>
          <line num="44" count="10" type="stmt"/>
          <line num="49" count="10" type="stmt"/>
          <line num="54" count="10" type="cond" truecount="6" falsecount="0"/>
          <line num="55" count="10" type="stmt"/>
          <line num="57" count="10" type="stmt"/>
          <line num="66" count="4" type="stmt"/>
          <line num="67" count="0" type="stmt"/>
          <line num="71" count="0" type="cond" truecount="0" falsecount="2"/>
          <line num="72" count="0" type="stmt"/>
          <line num="73" count="0" type="stmt"/>
          <line num="75" count="0" type="stmt"/>
          <line num="85" count="4" type="stmt"/>
          <line num="86" count="1" type="stmt"/>
          <line num="87" count="1" type="stmt"/>
          <line num="90" count="1" type="cond" truecount="1" falsecount="1"/>
          <line num="91" count="0" type="stmt"/>
          <line num="92" count="0" type="stmt"/>
          <line num="94" count="1" type="stmt"/>
          <line num="104" count="4" type="stmt"/>
          <line num="107" count="9" type="stmt"/>
          <line num="108" count="9" type="cond" truecount="2" falsecount="0"/>
          <line num="117" count="4" type="stmt"/>
          <line num="119" count="5" type="stmt"/>
          <line num="120" count="5" type="stmt"/>
          <line num="121" count="5" type="stmt"/>
          <line num="122" count="5" type="stmt"/>
          <line num="123" count="5" type="stmt"/>
          <line num="124" count="5" type="stmt"/>
          <line num="125" count="5" type="stmt"/>
          <line num="126" count="5" type="cond" truecount="1" falsecount="1"/>
          <line num="127" count="0" type="stmt"/>
          <line num="128" count="0" type="stmt"/>
          <line num="129" count="0" type="cond" truecount="0" falsecount="2"/>
          <line num="130" count="0" type="stmt"/>
          <line num="132" count="0" type="stmt"/>
          <line num="135" count="0" type="stmt"/>
          <line num="138" count="5" type="stmt"/>
          <line num="148" count="4" type="stmt"/>
          <line num="149" count="1" type="stmt"/>
          <line num="150" count="1" type="stmt"/>
          <line num="151" count="1" type="cond" truecount="1" falsecount="1"/>
          <line num="152" count="1" type="cond" truecount="1" falsecount="1"/>
          <line num="153" count="1" type="cond" truecount="1" falsecount="1"/>
          <line num="155" count="1" type="cond" truecount="1" falsecount="1"/>
          <line num="156" count="0" type="stmt"/>
          <line num="159" count="1" type="stmt"/>
          <line num="161" count="1" type="stmt"/>
          <line num="164" count="1" type="cond" truecount="1" falsecount="1"/>
          <line num="165" count="0" type="stmt"/>
          <line num="166" count="0" type="stmt"/>
          <line num="168" count="1" type="stmt"/>
          <line num="177" count="4" type="stmt"/>
          <line num="178" count="1" type="stmt"/>
          <line num="180" count="1" type="stmt"/>
          <line num="181" count="1" type="cond" truecount="1" falsecount="1"/>
          <line num="182" count="0" type="stmt"/>
          <line num="183" count="0" type="stmt"/>
          <line num="185" count="1" type="stmt"/>
          <line num="187" count="1" type="stmt"/>
          <line num="189" count="0" type="stmt"/>
          <line num="190" count="0" type="stmt"/>
          <line num="200" count="4" type="stmt"/>
          <line num="201" count="0" type="stmt"/>
          <line num="202" count="0" type="stmt"/>
          <line num="205" count="0" type="cond" truecount="0" falsecount="2"/>
          <line num="206" count="0" type="stmt"/>
          <line num="207" count="0" type="stmt"/>
          <line num="209" count="0" type="stmt"/>
          <line num="212" count="0" type="cond" truecount="0" falsecount="2"/>
          <line num="213" count="0" type="stmt"/>
          <line num="214" count="0" type="stmt"/>
          <line num="216" count="0" type="stmt"/>
          <line num="219" count="0" type="stmt"/>
          <line num="223" count="0" type="stmt"/>
          <line num="224" count="0" type="stmt"/>
          <line num="228" count="4" type="stmt"/>
        </file>
      </package>
      <package name="app.models">
        <metrics statements="30" coveredstatements="22" conditionals="0" coveredconditionals="0" methods="11" coveredmethods="6"/>
        <file name="car.js" path="C:\Users\italo\Documents\uni\road\ES-Backend\app\models\car.js">
          <metrics statements="11" coveredstatements="6" conditionals="0" coveredconditionals="0" methods="4" coveredmethods="1"/>
          <line num="1" count="4" type="stmt"/>
          <line num="3" count="4" type="stmt"/>
          <line num="4" count="4" type="stmt"/>
          <line num="6" count="4" type="stmt"/>
          <line num="41" count="4" type="stmt"/>
          <line num="42" count="0" type="stmt"/>
          <line num="43" count="0" type="stmt"/>
          <line num="44" count="0" type="stmt"/>
          <line num="45" count="0" type="stmt"/>
          <line num="46" count="0" type="stmt"/>
          <line num="49" count="4" type="stmt"/>
        </file>
        <file name="mileage.js" path="C:\Users\italo\Documents\uni\road\ES-Backend\app\models\mileage.js">
          <metrics statements="3" coveredstatements="3" conditionals="0" coveredconditionals="0" methods="1" coveredmethods="1"/>
          <line num="1" count="4" type="stmt"/>
          <line num="3" count="4" type="stmt"/>
          <line num="21" count="4" type="stmt"/>
        </file>
        <file name="service.js" path="C:\Users\italo\Documents\uni\road\ES-Backend\app\models\service.js">
          <metrics statements="3" coveredstatements="3" conditionals="0" coveredconditionals="0" methods="1" coveredmethods="1"/>
          <line num="1" count="4" type="stmt"/>
          <line num="3" count="4" type="stmt"/>
          <line num="33" count="4" type="stmt"/>
        </file>
        <file name="user.js" path="C:\Users\italo\Documents\uni\road\ES-Backend\app\models\user.js">
          <metrics statements="13" coveredstatements="10" conditionals="0" coveredconditionals="0" methods="5" coveredmethods="3"/>
          <line num="1" count="4" type="stmt"/>
          <line num="2" count="4" type="stmt"/>
          <line num="4" count="4" type="stmt"/>
          <line num="6" count="4" type="stmt"/>
          <line num="43" count="4" type="stmt"/>
          <line num="44" count="0" type="stmt"/>
          <line num="45" count="0" type="stmt"/>
          <line num="46" count="0" type="stmt"/>
          <line num="55" count="4" type="stmt"/>
          <line num="56" count="5" type="stmt"/>
          <line num="65" count="4" type="stmt"/>
          <line num="66" count="6" type="stmt"/>
          <line num="69" count="4" type="stmt"/>
        </file>
      </package>
      <package name="app.routes">
        <metrics statements="25" coveredstatements="25" conditionals="0" coveredconditionals="0" methods="5" coveredmethods="5"/>
        <file name="auth.js" path="C:\Users\italo\Documents\uni\road\ES-Backend\app\routes\auth.js">
          <metrics statements="5" coveredstatements="5" conditionals="0" coveredconditionals="0" methods="1" coveredmethods="1"/>
          <line num="1" count="4" type="stmt"/>
          <line num="2" count="4" type="stmt"/>
          <line num="3" count="4" type="stmt"/>
          <line num="5" count="4" type="stmt"/>
          <line num="6" count="4" type="stmt"/>
        </file>
        <file name="car.js" path="C:\Users\italo\Documents\uni\road\ES-Backend\app\routes\car.js">
          <metrics statements="5" coveredstatements="5" conditionals="0" coveredconditionals="0" methods="1" coveredmethods="1"/>
          <line num="1" count="4" type="stmt"/>
          <line num="2" count="4" type="stmt"/>
          <line num="3" count="4" type="stmt"/>
          <line num="5" count="4" type="stmt"/>
          <line num="10" count="4" type="stmt"/>
        </file>
        <file name="mileage.js" path="C:\Users\italo\Documents\uni\road\ES-Backend\app\routes\mileage.js">
          <metrics statements="5" coveredstatements="5" conditionals="0" coveredconditionals="0" methods="1" coveredmethods="1"/>
          <line num="1" count="4" type="stmt"/>
          <line num="2" count="4" type="stmt"/>
          <line num="3" count="4" type="stmt"/>
          <line num="5" count="4" type="stmt"/>
          <line num="7" count="4" type="stmt"/>
        </file>
        <file name="service.js" path="C:\Users\italo\Documents\uni\road\ES-Backend\app\routes\service.js">
          <metrics statements="5" coveredstatements="5" conditionals="0" coveredconditionals="0" methods="1" coveredmethods="1"/>
          <line num="1" count="4" type="stmt"/>
          <line num="2" count="4" type="stmt"/>
          <line num="3" count="4" type="stmt"/>
          <line num="5" count="4" type="stmt"/>
          <line num="10" count="4" type="stmt"/>
        </file>
        <file name="user.js" path="C:\Users\italo\Documents\uni\road\ES-Backend\app\routes\user.js">
          <metrics statements="5" coveredstatements="5" conditionals="0" coveredconditionals="0" methods="1" coveredmethods="1"/>
          <line num="1" count="4" type="stmt"/>
          <line num="2" count="4" type="stmt"/>
          <line num="3" count="4" type="stmt"/>
          <line num="5" count="4" type="stmt"/>
          <line num="14" count="4" type="stmt"/>
        </file>
      </package>
      <package name="app.utils">
        <metrics statements="11" coveredstatements="6" conditionals="0" coveredconditionals="0" methods="2" coveredmethods="0"/>
        <file name="exception.js" path="C:\Users\italo\Documents\uni\road\ES-Backend\app\utils\exception.js">
          <metrics statements="2" coveredstatements="1" conditionals="0" coveredconditionals="0" methods="1" coveredmethods="0"/>
          <line num="1" count="4" type="stmt"/>
          <line num="2" count="0" type="stmt"/>
        </file>
        <file name="notifications.js" path="C:\Users\italo\Documents\uni\road\ES-Backend\app\utils\notifications.js">
          <metrics statements="7" coveredstatements="3" conditionals="0" coveredconditionals="0" methods="1" coveredmethods="0"/>
          <line num="1" count="4" type="stmt"/>
          <line num="3" count="4" type="stmt"/>
          <line num="5" count="4" type="stmt"/>
          <line num="7" count="0" type="stmt"/>
          <line num="8" count="0" type="stmt"/>
          <line num="9" count="0" type="stmt"/>
          <line num="11" count="0" type="stmt"/>
        </file>
        <file name="permission.js" path="C:\Users\italo\Documents\uni\road\ES-Backend\app\utils\permission.js">
          <metrics statements="2" coveredstatements="2" conditionals="0" coveredconditionals="0" methods="0" coveredmethods="0"/>
          <line num="1" count="4" type="stmt"/>
          <line num="3" count="4" type="stmt"/>
        </file>
      </package>
      <package name="config">
        <metrics statements="62" coveredstatements="33" conditionals="10" coveredconditionals="5" methods="15" coveredmethods="5"/>
        <file name="axios.js" path="C:\Users\italo\Documents\uni\road\ES-Backend\config\axios.js">
          <metrics statements="3" coveredstatements="3" conditionals="2" coveredconditionals="2" methods="0" coveredmethods="0"/>
          <line num="2" count="4" type="cond" truecount="2" falsecount="0"/>
          <line num="5" count="4" type="stmt"/>
          <line num="13" count="4" type="stmt"/>
        </file>
        <file name="database.js" path="C:\Users\italo\Documents\uni\road\ES-Backend\config\database.js">
          <metrics statements="30" coveredstatements="6" conditionals="4" coveredconditionals="1" methods="8" coveredmethods="1"/>
          <line num="1" count="4" type="stmt"/>
          <line num="3" count="4" type="stmt"/>
          <line num="4" count="4" type="stmt"/>
          <line num="6" count="4" type="stmt"/>
          <line num="7" count="0" type="stmt"/>
          <line num="8" count="0" type="stmt"/>
          <line num="9" count="0" type="stmt"/>
          <line num="10" count="0" type="cond" truecount="0" falsecount="2"/>
          <line num="11" count="0" type="stmt"/>
          <line num="12" count="0" type="stmt"/>
          <line num="13" count="0" type="stmt"/>
          <line num="14" count="0" type="stmt"/>
          <line num="15" count="0" type="stmt"/>
          <line num="16" count="0" type="stmt"/>
          <line num="17" count="0" type="stmt"/>
          <line num="18" count="0" type="stmt"/>
          <line num="21" count="0" type="stmt"/>
          <line num="25" count="4" type="cond" truecount="1" falsecount="1"/>
          <line num="26" count="0" type="stmt"/>
          <line num="27" count="0" type="stmt"/>
          <line num="28" count="0" type="stmt"/>
          <line num="32" count="0" type="stmt"/>
          <line num="33" count="0" type="stmt"/>
          <line num="36" count="0" type="stmt"/>
          <line num="37" count="0" type="stmt"/>
          <line num="40" count="0" type="stmt"/>
          <line num="41" count="0" type="stmt"/>
          <line num="42" count="0" type="stmt"/>
          <line num="43" count="0" type="stmt"/>
          <line num="48" count="4" type="stmt"/>
        </file>
        <file name="express.js" path="C:\Users\italo\Documents\uni\road\ES-Backend\config\express.js">
          <metrics statements="12" coveredstatements="12" conditionals="0" coveredconditionals="0" methods="1" coveredmethods="1"/>
          <line num="1" count="4" type="stmt"/>
          <line num="2" count="4" type="stmt"/>
          <line num="3" count="4" type="stmt"/>
          <line num="4" count="4" type="stmt"/>
          <line num="6" count="4" type="stmt"/>
          <line num="7" count="4" type="stmt"/>
          <line num="10" count="4" type="stmt"/>
          <line num="12" count="4" type="stmt"/>
          <line num="13" count="4" type="stmt"/>
          <line num="15" count="4" type="stmt"/>
          <line num="17" count="4" type="stmt"/>
          <line num="23" count="4" type="stmt"/>
        </file>
        <file name="passport.js" path="C:\Users\italo\Documents\uni\road\ES-Backend\config\passport.js">
          <metrics statements="17" coveredstatements="12" conditionals="4" coveredconditionals="2" methods="6" coveredmethods="3"/>
          <line num="1" count="4" type="stmt"/>
          <line num="4" count="4" type="stmt"/>
          <line num="9" count="4" type="stmt"/>
          <line num="11" count="4" type="stmt"/>
          <line num="13" count="4" type="stmt"/>
          <line num="14" count="4" type="stmt"/>
          <line num="15" count="0" type="stmt"/>
          <line num="18" count="4" type="stmt"/>
          <line num="19" count="0" type="stmt"/>
          <line num="20" count="0" type="stmt"/>
          <line num="23" count="4" type="stmt"/>
          <line num="26" count="26" type="stmt"/>
          <line num="27" count="26" type="cond" truecount="1" falsecount="1"/>
          <line num="28" count="0" type="stmt"/>
          <line num="30" count="26" type="cond" truecount="1" falsecount="1"/>
          <line num="31" count="0" type="stmt"/>
          <line num="34" count="26" type="stmt"/>
        </file>
      </package>
    </metrics>
  </project>
</coverage>
