{"C:\\Users\\italo\\Documents\\uni\\road\\ES-Backend\\app\\controllers\\auth.js": {"path":"C:\\Users\\italo\\Documents\\uni\\road\\ES-Backend\\app\\controllers\\auth.js","statementMap":{"0":{"start":{"line":1,"column":13},"end":{"line":1,"column":28}},"1":{"start":{"line":3,"column":0},"end":{"line":67,"column":2}},"2":{"start":{"line":4,"column":15},"end":{"line":4,"column":30}},"3":{"start":{"line":6,"column":21},"end":{"line":6,"column":23}},"4":{"start":{"line":14,"column":2},"end":{"line":48,"column":4}},"5":{"start":{"line":15,"column":4},"end":{"line":47,"column":9}},"6":{"start":{"line":18,"column":8},"end":{"line":20,"column":9}},"7":{"start":{"line":19,"column":10},"end":{"line":19,"column":39}},"8":{"start":{"line":22,"column":8},"end":{"line":24,"column":9}},"9":{"start":{"line":23,"column":10},"end":{"line":23,"column":39}},"10":{"start":{"line":26,"column":8},"end":{"line":42,"column":13}},"11":{"start":{"line":31,"column":16},"end":{"line":31,"column":22}},"12":{"start":{"line":32,"column":12},"end":{"line":38,"column":15}},"13":{"start":{"line":41,"column":12},"end":{"line":41,"column":29}},"14":{"start":{"line":45,"column":8},"end":{"line":45,"column":27}},"15":{"start":{"line":46,"column":8},"end":{"line":46,"column":30}},"16":{"start":{"line":55,"column":2},"end":{"line":64,"column":4}},"17":{"start":{"line":56,"column":20},"end":{"line":56,"column":28}},"18":{"start":{"line":57,"column":4},"end":{"line":63,"column":7}},"19":{"start":{"line":58,"column":6},"end":{"line":61,"column":7}},"20":{"start":{"line":59,"column":8},"end":{"line":59,"column":37}},"21":{"start":{"line":60,"column":8},"end":{"line":60,"column":43}},"22":{"start":{"line":62,"column":6},"end":{"line":62,"column":58}},"23":{"start":{"line":66,"column":2},"end":{"line":66,"column":20}}},"fnMap":{"0":{"name":"(anonymous_0)","decl":{"start":{"line":3,"column":17},"end":{"line":3,"column":18}},"loc":{"start":{"line":3,"column":26},"end":{"line":67,"column":1}},"line":3},"1":{"name":"(anonymous_1)","decl":{"start":{"line":14,"column":21},"end":{"line":14,"column":22}},"loc":{"start":{"line":14,"column":35},"end":{"line":48,"column":3}},"line":14},"2":{"name":"(anonymous_2)","decl":{"start":{"line":17,"column":12},"end":{"line":17,"column":13}},"loc":{"start":{"line":17,"column":22},"end":{"line":43,"column":7}},"line":17},"3":{"name":"(anonymous_3)","decl":{"start":{"line":28,"column":16},"end":{"line":28,"column":17}},"loc":{"start":{"line":28,"column":28},"end":{"line":39,"column":11}},"line":28},"4":{"name":"(anonymous_4)","decl":{"start":{"line":40,"column":17},"end":{"line":40,"column":18}},"loc":{"start":{"line":40,"column":26},"end":{"line":42,"column":11}},"line":40},"5":{"name":"(anonymous_5)","decl":{"start":{"line":44,"column":13},"end":{"line":44,"column":14}},"loc":{"start":{"line":44,"column":24},"end":{"line":47,"column":7}},"line":44},"6":{"name":"(anonymous_6)","decl":{"start":{"line":55,"column":22},"end":{"line":55,"column":23}},"loc":{"start":{"line":55,"column":36},"end":{"line":64,"column":3}},"line":55},"7":{"name":"(anonymous_7)","decl":{"start":{"line":57,"column":49},"end":{"line":57,"column":50}},"loc":{"start":{"line":57,"column":60},"end":{"line":63,"column":5}},"line":57}},"branchMap":{"0":{"loc":{"start":{"line":18,"column":8},"end":{"line":20,"column":9}},"type":"if","locations":[{"start":{"line":18,"column":8},"end":{"line":20,"column":9}},{"start":{"line":18,"column":8},"end":{"line":20,"column":9}}],"line":18},"1":{"loc":{"start":{"line":22,"column":8},"end":{"line":24,"column":9}},"type":"if","locations":[{"start":{"line":22,"column":8},"end":{"line":24,"column":9}},{"start":{"line":22,"column":8},"end":{"line":24,"column":9}}],"line":22},"2":{"loc":{"start":{"line":58,"column":6},"end":{"line":61,"column":7}},"type":"if","locations":[{"start":{"line":58,"column":6},"end":{"line":61,"column":7}},{"start":{"line":58,"column":6},"end":{"line":61,"column":7}}],"line":58}},"s":{"0":4,"1":4,"2":4,"3":4,"4":4,"5":6,"6":6,"7":0,"8":6,"9":0,"10":6,"11":6,"12":6,"13":0,"14":0,"15":0,"16":4,"17":1,"18":1,"19":1,"20":0,"21":0,"22":1,"23":4},"f":{"0":4,"1":6,"2":6,"3":6,"4":0,"5":0,"6":1,"7":1},"b":{"0":[0,6],"1":[0,6],"2":[0,1]},"_coverageSchema":"332fd63041d2c1bcb487cc26dd0d5f7d97098a6c","hash":"e9b340c9837a1fc459c9e62a84a73361228f6baf"}
,"C:\\Users\\italo\\Documents\\uni\\road\\ES-Backend\\app\\controllers\\car.js": {"path":"C:\\Users\\italo\\Documents\\uni\\road\\ES-Backend\\app\\controllers\\car.js","statementMap":{"0":{"start":{"line":1,"column":17},"end":{"line":1,"column":42}},"1":{"start":{"line":2,"column":18},"end":{"line":2,"column":38}},"2":{"start":{"line":3,"column":24},"end":{"line":3,"column":44}},"3":{"start":{"line":5,"column":0},"end":{"line":159,"column":2}},"4":{"start":{"line":6,"column":14},"end":{"line":6,"column":28}},"5":{"start":{"line":8,"column":2},"end":{"line":8,"column":45}},"6":{"start":{"line":10,"column":21},"end":{"line":10,"column":23}},"7":{"start":{"line":12,"column":25},"end":{"line":12,"column":64}},"8":{"start":{"line":14,"column":22},"end":{"line":29,"column":3}},"9":{"start":{"line":17,"column":18},"end":{"line":17,"column":22}},"10":{"start":{"line":18,"column":4},"end":{"line":19,"column":80}},"11":{"start":{"line":20,"column":4},"end":{"line":23,"column":30}},"12":{"start":{"line":24,"column":4},"end":{"line":25,"column":80}},"13":{"start":{"line":26,"column":4},"end":{"line":26,"column":72}},"14":{"start":{"line":27,"column":4},"end":{"line":27,"column":80}},"15":{"start":{"line":28,"column":4},"end":{"line":28,"column":19}},"16":{"start":{"line":32,"column":2},"end":{"line":41,"column":4}},"17":{"start":{"line":33,"column":18},"end":{"line":33,"column":30}},"18":{"start":{"line":34,"column":4},"end":{"line":40,"column":9}},"19":{"start":{"line":36,"column":22},"end":{"line":36,"column":48}},"20":{"start":{"line":38,"column":8},"end":{"line":38,"column":37}},"21":{"start":{"line":39,"column":8},"end":{"line":39,"column":37}},"22":{"start":{"line":44,"column":2},"end":{"line":55,"column":4}},"23":{"start":{"line":45,"column":16},"end":{"line":45,"column":39}},"24":{"start":{"line":46,"column":18},"end":{"line":46,"column":30}},"25":{"start":{"line":47,"column":4},"end":{"line":54,"column":9}},"26":{"start":{"line":50,"column":21},"end":{"line":50,"column":46}},"27":{"start":{"line":52,"column":8},"end":{"line":52,"column":37}},"28":{"start":{"line":53,"column":8},"end":{"line":53,"column":43}},"29":{"start":{"line":58,"column":2},"end":{"line":103,"column":4}},"30":{"start":{"line":59,"column":18},"end":{"line":59,"column":30}},"31":{"start":{"line":62,"column":8},"end":{"line":62,"column":16}},"32":{"start":{"line":64,"column":4},"end":{"line":74,"column":5}},"33":{"start":{"line":73,"column":6},"end":{"line":73,"column":61}},"34":{"start":{"line":76,"column":19},"end":{"line":83,"column":6}},"35":{"start":{"line":85,"column":4},"end":{"line":102,"column":9}},"36":{"start":{"line":88,"column":8},"end":{"line":97,"column":9}},"37":{"start":{"line":89,"column":10},"end":{"line":91,"column":13}},"38":{"start":{"line":92,"column":10},"end":{"line":92,"column":43}},"39":{"start":{"line":94,"column":10},"end":{"line":94,"column":29}},"40":{"start":{"line":95,"column":10},"end":{"line":95,"column":52}},"41":{"start":{"line":96,"column":10},"end":{"line":96,"column":61}},"42":{"start":{"line":100,"column":8},"end":{"line":100,"column":37}},"43":{"start":{"line":101,"column":8},"end":{"line":101,"column":43}},"44":{"start":{"line":106,"column":2},"end":{"line":143,"column":4}},"45":{"start":{"line":107,"column":18},"end":{"line":107,"column":30}},"46":{"start":{"line":108,"column":17},"end":{"line":108,"column":19}},"47":{"start":{"line":109,"column":4},"end":{"line":109,"column":52}},"48":{"start":{"line":109,"column":24},"end":{"line":109,"column":52}},"49":{"start":{"line":110,"column":4},"end":{"line":110,"column":52}},"50":{"start":{"line":110,"column":24},"end":{"line":110,"column":52}},"51":{"start":{"line":111,"column":4},"end":{"line":111,"column":49}},"52":{"start":{"line":111,"column":23},"end":{"line":111,"column":49}},"53":{"start":{"line":112,"column":4},"end":{"line":112,"column":52}},"54":{"start":{"line":112,"column":24},"end":{"line":112,"column":52}},"55":{"start":{"line":113,"column":4},"end":{"line":113,"column":61}},"56":{"start":{"line":113,"column":27},"end":{"line":113,"column":61}},"57":{"start":{"line":115,"column":4},"end":{"line":117,"column":5}},"58":{"start":{"line":116,"column":6},"end":{"line":116,"column":61}},"59":{"start":{"line":119,"column":16},"end":{"line":119,"column":39}},"60":{"start":{"line":121,"column":4},"end":{"line":142,"column":9}},"61":{"start":{"line":125,"column":8},"end":{"line":137,"column":9}},"62":{"start":{"line":126,"column":10},"end":{"line":134,"column":11}},"63":{"start":{"line":127,"column":12},"end":{"line":129,"column":15}},"64":{"start":{"line":130,"column":12},"end":{"line":130,"column":45}},"65":{"start":{"line":132,"column":12},"end":{"line":132,"column":41}},"66":{"start":{"line":133,"column":12},"end":{"line":133,"column":47}},"67":{"start":{"line":136,"column":10},"end":{"line":136,"column":43}},"68":{"start":{"line":140,"column":8},"end":{"line":140,"column":37}},"69":{"start":{"line":141,"column":8},"end":{"line":141,"column":43}},"70":{"start":{"line":146,"column":2},"end":{"line":156,"column":4}},"71":{"start":{"line":147,"column":16},"end":{"line":147,"column":39}},"72":{"start":{"line":148,"column":18},"end":{"line":148,"column":30}},"73":{"start":{"line":149,"column":4},"end":{"line":155,"column":9}},"74":{"start":{"line":151,"column":18},"end":{"line":151,"column":39}},"75":{"start":{"line":153,"column":8},"end":{"line":153,"column":37}},"76":{"start":{"line":154,"column":8},"end":{"line":154,"column":43}},"77":{"start":{"line":158,"column":2},"end":{"line":158,"column":20}}},"fnMap":{"0":{"name":"(anonymous_0)","decl":{"start":{"line":5,"column":17},"end":{"line":5,"column":18}},"loc":{"start":{"line":5,"column":26},"end":{"line":159,"column":1}},"line":5},"1":{"name":"(anonymous_1)","decl":{"start":{"line":14,"column":22},"end":{"line":14,"column":23}},"loc":{"start":{"line":16,"column":8},"end":{"line":29,"column":3}},"line":16},"2":{"name":"(anonymous_2)","decl":{"start":{"line":32,"column":20},"end":{"line":32,"column":21}},"loc":{"start":{"line":32,"column":34},"end":{"line":41,"column":3}},"line":32},"3":{"name":"(anonymous_3)","decl":{"start":{"line":36,"column":12},"end":{"line":36,"column":13}},"loc":{"start":{"line":36,"column":22},"end":{"line":36,"column":48}},"line":36},"4":{"name":"(anonymous_4)","decl":{"start":{"line":37,"column":13},"end":{"line":37,"column":14}},"loc":{"start":{"line":37,"column":24},"end":{"line":40,"column":7}},"line":37},"5":{"name":"(anonymous_5)","decl":{"start":{"line":44,"column":19},"end":{"line":44,"column":20}},"loc":{"start":{"line":44,"column":33},"end":{"line":55,"column":3}},"line":44},"6":{"name":"(anonymous_6)","decl":{"start":{"line":50,"column":12},"end":{"line":50,"column":13}},"loc":{"start":{"line":50,"column":21},"end":{"line":50,"column":46}},"line":50},"7":{"name":"(anonymous_7)","decl":{"start":{"line":51,"column":13},"end":{"line":51,"column":14}},"loc":{"start":{"line":51,"column":24},"end":{"line":54,"column":7}},"line":51},"8":{"name":"(anonymous_8)","decl":{"start":{"line":58,"column":19},"end":{"line":58,"column":20}},"loc":{"start":{"line":58,"column":33},"end":{"line":103,"column":3}},"line":58},"9":{"name":"(anonymous_9)","decl":{"start":{"line":87,"column":12},"end":{"line":87,"column":13}},"loc":{"start":{"line":87,"column":27},"end":{"line":98,"column":7}},"line":87},"10":{"name":"(anonymous_10)","decl":{"start":{"line":99,"column":13},"end":{"line":99,"column":14}},"loc":{"start":{"line":99,"column":24},"end":{"line":102,"column":7}},"line":99},"11":{"name":"(anonymous_11)","decl":{"start":{"line":106,"column":22},"end":{"line":106,"column":23}},"loc":{"start":{"line":106,"column":36},"end":{"line":143,"column":3}},"line":106},"12":{"name":"(anonymous_12)","decl":{"start":{"line":124,"column":12},"end":{"line":124,"column":13}},"loc":{"start":{"line":124,"column":27},"end":{"line":138,"column":7}},"line":124},"13":{"name":"(anonymous_13)","decl":{"start":{"line":139,"column":13},"end":{"line":139,"column":14}},"loc":{"start":{"line":139,"column":24},"end":{"line":142,"column":7}},"line":139},"14":{"name":"(anonymous_14)","decl":{"start":{"line":146,"column":22},"end":{"line":146,"column":23}},"loc":{"start":{"line":146,"column":36},"end":{"line":156,"column":3}},"line":146},"15":{"name":"(anonymous_15)","decl":{"start":{"line":151,"column":12},"end":{"line":151,"column":13}},"loc":{"start":{"line":151,"column":18},"end":{"line":151,"column":39}},"line":151},"16":{"name":"(anonymous_16)","decl":{"start":{"line":152,"column":13},"end":{"line":152,"column":14}},"loc":{"start":{"line":152,"column":24},"end":{"line":155,"column":7}},"line":152}},"branchMap":{"0":{"loc":{"start":{"line":19,"column":6},"end":{"line":19,"column":79}},"type":"cond-expr","locations":[{"start":{"line":19,"column":25},"end":{"line":19,"column":57}},{"start":{"line":19,"column":60},"end":{"line":19,"column":79}}],"line":19},"1":{"loc":{"start":{"line":19,"column":6},"end":{"line":19,"column":22}},"type":"binary-expr","locations":[{"start":{"line":19,"column":6},"end":{"line":19,"column":11}},{"start":{"line":19,"column":15},"end":{"line":19,"column":22}}],"line":19},"2":{"loc":{"start":{"line":19,"column":60},"end":{"line":19,"column":79}},"type":"binary-expr","locations":[{"start":{"line":19,"column":60},"end":{"line":19,"column":67}},{"start":{"line":19,"column":71},"end":{"line":19,"column":79}}],"line":19},"3":{"loc":{"start":{"line":21,"column":6},"end":{"line":23,"column":29}},"type":"cond-expr","locations":[{"start":{"line":22,"column":10},"end":{"line":22,"column":79}},{"start":{"line":23,"column":10},"end":{"line":23,"column":29}}],"line":21},"4":{"loc":{"start":{"line":21,"column":6},"end":{"line":21,"column":22}},"type":"binary-expr","locations":[{"start":{"line":21,"column":6},"end":{"line":21,"column":11}},{"start":{"line":21,"column":15},"end":{"line":21,"column":22}}],"line":21},"5":{"loc":{"start":{"line":22,"column":10},"end":{"line":22,"column":79}},"type":"binary-expr","locations":[{"start":{"line":22,"column":10},"end":{"line":22,"column":28}},{"start":{"line":22,"column":32},"end":{"line":22,"column":79}}],"line":22},"6":{"loc":{"start":{"line":23,"column":10},"end":{"line":23,"column":29}},"type":"binary-expr","locations":[{"start":{"line":23,"column":10},"end":{"line":23,"column":17}},{"start":{"line":23,"column":21},"end":{"line":23,"column":29}}],"line":23},"7":{"loc":{"start":{"line":25,"column":6},"end":{"line":25,"column":79}},"type":"cond-expr","locations":[{"start":{"line":25,"column":25},"end":{"line":25,"column":57}},{"start":{"line":25,"column":60},"end":{"line":25,"column":79}}],"line":25},"8":{"loc":{"start":{"line":25,"column":6},"end":{"line":25,"column":22}},"type":"binary-expr","locations":[{"start":{"line":25,"column":6},"end":{"line":25,"column":11}},{"start":{"line":25,"column":15},"end":{"line":25,"column":22}}],"line":25},"9":{"loc":{"start":{"line":25,"column":60},"end":{"line":25,"column":79}},"type":"binary-expr","locations":[{"start":{"line":25,"column":60},"end":{"line":25,"column":67}},{"start":{"line":25,"column":71},"end":{"line":25,"column":79}}],"line":25},"10":{"loc":{"start":{"line":26,"column":14},"end":{"line":26,"column":71}},"type":"cond-expr","locations":[{"start":{"line":26,"column":32},"end":{"line":26,"column":49}},{"start":{"line":26,"column":52},"end":{"line":26,"column":71}}],"line":26},"11":{"loc":{"start":{"line":26,"column":14},"end":{"line":26,"column":29}},"type":"binary-expr","locations":[{"start":{"line":26,"column":14},"end":{"line":26,"column":18}},{"start":{"line":26,"column":22},"end":{"line":26,"column":29}}],"line":26},"12":{"loc":{"start":{"line":26,"column":52},"end":{"line":26,"column":71}},"type":"binary-expr","locations":[{"start":{"line":26,"column":52},"end":{"line":26,"column":59}},{"start":{"line":26,"column":63},"end":{"line":26,"column":71}}],"line":26},"13":{"loc":{"start":{"line":27,"column":14},"end":{"line":27,"column":79}},"type":"cond-expr","locations":[{"start":{"line":27,"column":44},"end":{"line":27,"column":57}},{"start":{"line":27,"column":60},"end":{"line":27,"column":79}}],"line":27},"14":{"loc":{"start":{"line":27,"column":14},"end":{"line":27,"column":41}},"type":"binary-expr","locations":[{"start":{"line":27,"column":14},"end":{"line":27,"column":30}},{"start":{"line":27,"column":34},"end":{"line":27,"column":41}}],"line":27},"15":{"loc":{"start":{"line":27,"column":60},"end":{"line":27,"column":79}},"type":"binary-expr","locations":[{"start":{"line":27,"column":60},"end":{"line":27,"column":67}},{"start":{"line":27,"column":71},"end":{"line":27,"column":79}}],"line":27},"16":{"loc":{"start":{"line":64,"column":4},"end":{"line":74,"column":5}},"type":"if","locations":[{"start":{"line":64,"column":4},"end":{"line":74,"column":5}},{"start":{"line":64,"column":4},"end":{"line":74,"column":5}}],"line":64},"17":{"loc":{"start":{"line":109,"column":4},"end":{"line":109,"column":52}},"type":"if","locations":[{"start":{"line":109,"column":4},"end":{"line":109,"column":52}},{"start":{"line":109,"column":4},"end":{"line":109,"column":52}}],"line":109},"18":{"loc":{"start":{"line":110,"column":4},"end":{"line":110,"column":52}},"type":"if","locations":[{"start":{"line":110,"column":4},"end":{"line":110,"column":52}},{"start":{"line":110,"column":4},"end":{"line":110,"column":52}}],"line":110},"19":{"loc":{"start":{"line":111,"column":4},"end":{"line":111,"column":49}},"type":"if","locations":[{"start":{"line":111,"column":4},"end":{"line":111,"column":49}},{"start":{"line":111,"column":4},"end":{"line":111,"column":49}}],"line":111},"20":{"loc":{"start":{"line":112,"column":4},"end":{"line":112,"column":52}},"type":"if","locations":[{"start":{"line":112,"column":4},"end":{"line":112,"column":52}},{"start":{"line":112,"column":4},"end":{"line":112,"column":52}}],"line":112},"21":{"loc":{"start":{"line":113,"column":4},"end":{"line":113,"column":61}},"type":"if","locations":[{"start":{"line":113,"column":4},"end":{"line":113,"column":61}},{"start":{"line":113,"column":4},"end":{"line":113,"column":61}}],"line":113},"22":{"loc":{"start":{"line":115,"column":4},"end":{"line":117,"column":5}},"type":"if","locations":[{"start":{"line":115,"column":4},"end":{"line":117,"column":5}},{"start":{"line":115,"column":4},"end":{"line":117,"column":5}}],"line":115},"23":{"loc":{"start":{"line":125,"column":8},"end":{"line":137,"column":9}},"type":"if","locations":[{"start":{"line":125,"column":8},"end":{"line":137,"column":9}},{"start":{"line":125,"column":8},"end":{"line":137,"column":9}}],"line":125}},"s":{"0":4,"1":4,"2":4,"3":4,"4":4,"5":4,"6":4,"7":4,"8":4,"9":6,"10":6,"11":6,"12":6,"13":6,"14":6,"15":6,"16":4,"17":2,"18":2,"19":2,"20":0,"21":0,"22":4,"23":2,"24":2,"25":2,"26":2,"27":0,"28":0,"29":4,"30":5,"31":5,"32":5,"33":3,"34":2,"35":2,"36":2,"37":2,"38":2,"39":0,"40":0,"41":0,"42":0,"43":0,"44":4,"45":1,"46":1,"47":1,"48":0,"49":1,"50":1,"51":1,"52":0,"53":1,"54":0,"55":1,"56":0,"57":1,"58":0,"59":1,"60":1,"61":1,"62":0,"63":0,"64":0,"65":0,"66":0,"67":1,"68":0,"69":0,"70":4,"71":1,"72":1,"73":1,"74":1,"75":0,"76":0,"77":4},"f":{"0":4,"1":6,"2":2,"3":2,"4":0,"5":2,"6":2,"7":0,"8":5,"9":2,"10":0,"11":1,"12":1,"13":0,"14":1,"15":1,"16":0},"b":{"0":[4,2],"1":[6,4],"2":[2,2],"3":[3,3],"4":[6,3],"5":[3,3],"6":[3,2],"7":[4,2],"8":[6,6],"9":[2,0],"10":[3,3],"11":[6,4],"12":[3,1],"13":[2,4],"14":[6,4],"15":[4,2],"16":[3,2],"17":[0,1],"18":[1,0],"19":[0,1],"20":[0,1],"21":[0,1],"22":[0,1],"23":[0,1]},"_coverageSchema":"332fd63041d2c1bcb487cc26dd0d5f7d97098a6c","hash":"ab86948a7a669b60c0b9d689a28e991cba2ebb2c"}
,"C:\\Users\\italo\\Documents\\uni\\road\\ES-Backend\\app\\controllers\\mileage.js": {"path":"C:\\Users\\italo\\Documents\\uni\\road\\ES-Backend\\app\\controllers\\mileage.js","statementMap":{"0":{"start":{"line":1,"column":17},"end":{"line":1,"column":42}},"1":{"start":{"line":3,"column":0},"end":{"line":73,"column":2}},"2":{"start":{"line":4,"column":14},"end":{"line":4,"column":28}},"3":{"start":{"line":5,"column":18},"end":{"line":5,"column":36}},"4":{"start":{"line":6,"column":20},"end":{"line":6,"column":56}},"5":{"start":{"line":8,"column":21},"end":{"line":8,"column":23}},"6":{"start":{"line":10,"column":27},"end":{"line":13,"column":3}},"7":{"start":{"line":11,"column":16},"end":{"line":11,"column":56}},"8":{"start":{"line":12,"column":4},"end":{"line":12,"column":23}},"9":{"start":{"line":17,"column":2},"end":{"line":30,"column":4}},"10":{"start":{"line":18,"column":20},"end":{"line":18,"column":29}},"11":{"start":{"line":19,"column":4},"end":{"line":29,"column":5}},"12":{"start":{"line":20,"column":21},"end":{"line":20,"column":62}},"13":{"start":{"line":21,"column":6},"end":{"line":24,"column":7}},"14":{"start":{"line":22,"column":25},"end":{"line":22,"column":52}},"15":{"start":{"line":23,"column":8},"end":{"line":23,"column":46}},"16":{"start":{"line":25,"column":6},"end":{"line":25,"column":35}},"17":{"start":{"line":27,"column":6},"end":{"line":27,"column":35}},"18":{"start":{"line":28,"column":6},"end":{"line":28,"column":41}},"19":{"start":{"line":32,"column":2},"end":{"line":54,"column":4}},"20":{"start":{"line":37,"column":4},"end":{"line":53,"column":5}},"21":{"start":{"line":38,"column":21},"end":{"line":38,"column":56}},"22":{"start":{"line":39,"column":6},"end":{"line":48,"column":7}},"23":{"start":{"line":40,"column":27},"end":{"line":44,"column":10}},"24":{"start":{"line":46,"column":24},"end":{"line":46,"column":47}},"25":{"start":{"line":47,"column":8},"end":{"line":47,"column":23}},"26":{"start":{"line":49,"column":6},"end":{"line":49,"column":60}},"27":{"start":{"line":51,"column":6},"end":{"line":51,"column":35}},"28":{"start":{"line":52,"column":6},"end":{"line":52,"column":18}},"29":{"start":{"line":56,"column":2},"end":{"line":70,"column":4}},"30":{"start":{"line":57,"column":20},"end":{"line":57,"column":29}},"31":{"start":{"line":58,"column":16},"end":{"line":58,"column":39}},"32":{"start":{"line":59,"column":4},"end":{"line":69,"column":5}},"33":{"start":{"line":60,"column":21},"end":{"line":60,"column":62}},"34":{"start":{"line":61,"column":6},"end":{"line":64,"column":7}},"35":{"start":{"line":62,"column":8},"end":{"line":62,"column":53}},"36":{"start":{"line":63,"column":8},"end":{"line":63,"column":37}},"37":{"start":{"line":65,"column":6},"end":{"line":65,"column":35}},"38":{"start":{"line":67,"column":6},"end":{"line":67,"column":35}},"39":{"start":{"line":68,"column":6},"end":{"line":68,"column":41}},"40":{"start":{"line":72,"column":2},"end":{"line":72,"column":20}}},"fnMap":{"0":{"name":"(anonymous_0)","decl":{"start":{"line":3,"column":17},"end":{"line":3,"column":18}},"loc":{"start":{"line":3,"column":26},"end":{"line":73,"column":1}},"line":3},"1":{"name":"(anonymous_1)","decl":{"start":{"line":10,"column":27},"end":{"line":10,"column":28}},"loc":{"start":{"line":10,"column":51},"end":{"line":13,"column":3}},"line":10},"2":{"name":"(anonymous_2)","decl":{"start":{"line":17,"column":20},"end":{"line":17,"column":21}},"loc":{"start":{"line":17,"column":40},"end":{"line":30,"column":3}},"line":17},"3":{"name":"(anonymous_3)","decl":{"start":{"line":32,"column":19},"end":{"line":32,"column":20}},"loc":{"start":{"line":36,"column":7},"end":{"line":54,"column":3}},"line":36},"4":{"name":"(anonymous_4)","decl":{"start":{"line":56,"column":22},"end":{"line":56,"column":23}},"loc":{"start":{"line":56,"column":42},"end":{"line":70,"column":3}},"line":56}},"branchMap":{"0":{"loc":{"start":{"line":21,"column":6},"end":{"line":24,"column":7}},"type":"if","locations":[{"start":{"line":21,"column":6},"end":{"line":24,"column":7}},{"start":{"line":21,"column":6},"end":{"line":24,"column":7}}],"line":21},"1":{"loc":{"start":{"line":35,"column":6},"end":{"line":35,"column":28}},"type":"default-arg","locations":[{"start":{"line":35,"column":18},"end":{"line":35,"column":28}}],"line":35},"2":{"loc":{"start":{"line":39,"column":6},"end":{"line":48,"column":7}},"type":"if","locations":[{"start":{"line":39,"column":6},"end":{"line":48,"column":7}},{"start":{"line":39,"column":6},"end":{"line":48,"column":7}}],"line":39},"3":{"loc":{"start":{"line":61,"column":6},"end":{"line":64,"column":7}},"type":"if","locations":[{"start":{"line":61,"column":6},"end":{"line":64,"column":7}},{"start":{"line":61,"column":6},"end":{"line":64,"column":7}}],"line":61}},"s":{"0":4,"1":4,"2":12,"3":12,"4":12,"5":12,"6":12,"7":4,"8":4,"9":12,"10":0,"11":0,"12":0,"13":0,"14":0,"15":0,"16":0,"17":0,"18":0,"19":12,"20":4,"21":4,"22":4,"23":4,"24":4,"25":4,"26":0,"27":0,"28":0,"29":12,"30":0,"31":0,"32":0,"33":0,"34":0,"35":0,"36":0,"37":0,"38":0,"39":0,"40":12},"f":{"0":12,"1":4,"2":0,"3":4,"4":0},"b":{"0":[0,0],"1":[2],"2":[4,0],"3":[0,0]},"_coverageSchema":"332fd63041d2c1bcb487cc26dd0d5f7d97098a6c","hash":"d9cb25df1f583722d5bb29dac1d67d59f354e414"}
,"C:\\Users\\italo\\Documents\\uni\\road\\ES-Backend\\app\\controllers\\service.js": {"path":"C:\\Users\\italo\\Documents\\uni\\road\\ES-Backend\\app\\controllers\\service.js","statementMap":{"0":{"start":{"line":1,"column":17},"end":{"line":1,"column":42}},"1":{"start":{"line":2,"column":18},"end":{"line":2,"column":38}},"2":{"start":{"line":3,"column":15},"end":{"line":3,"column":32}},"3":{"start":{"line":4,"column":24},"end":{"line":4,"column":44}},"4":{"start":{"line":6,"column":0},"end":{"line":184,"column":2}},"5":{"start":{"line":7,"column":14},"end":{"line":7,"column":28}},"6":{"start":{"line":8,"column":18},"end":{"line":8,"column":36}},"7":{"start":{"line":9,"column":2},"end":{"line":9,"column":45}},"8":{"start":{"line":11,"column":21},"end":{"line":11,"column":23}},"9":{"start":{"line":13,"column":26},"end":{"line":32,"column":3}},"10":{"start":{"line":20,"column":18},"end":{"line":20,"column":22}},"11":{"start":{"line":21,"column":4},"end":{"line":21,"column":80}},"12":{"start":{"line":22,"column":4},"end":{"line":22,"column":70}},"13":{"start":{"line":23,"column":4},"end":{"line":26,"column":30}},"14":{"start":{"line":27,"column":4},"end":{"line":30,"column":30}},"15":{"start":{"line":31,"column":4},"end":{"line":31,"column":19}},"16":{"start":{"line":34,"column":27},"end":{"line":37,"column":3}},"17":{"start":{"line":35,"column":16},"end":{"line":35,"column":56}},"18":{"start":{"line":36,"column":4},"end":{"line":36,"column":23}},"19":{"start":{"line":39,"column":2},"end":{"line":52,"column":4}},"20":{"start":{"line":40,"column":20},"end":{"line":40,"column":29}},"21":{"start":{"line":41,"column":4},"end":{"line":51,"column":5}},"22":{"start":{"line":42,"column":21},"end":{"line":42,"column":62}},"23":{"start":{"line":43,"column":6},"end":{"line":46,"column":7}},"24":{"start":{"line":44,"column":25},"end":{"line":44,"column":52}},"25":{"start":{"line":45,"column":8},"end":{"line":45,"column":46}},"26":{"start":{"line":47,"column":6},"end":{"line":47,"column":35}},"27":{"start":{"line":49,"column":6},"end":{"line":49,"column":35}},"28":{"start":{"line":50,"column":6},"end":{"line":50,"column":41}},"29":{"start":{"line":54,"column":2},"end":{"line":68,"column":4}},"30":{"start":{"line":55,"column":20},"end":{"line":55,"column":29}},"31":{"start":{"line":56,"column":16},"end":{"line":56,"column":39}},"32":{"start":{"line":57,"column":4},"end":{"line":67,"column":5}},"33":{"start":{"line":58,"column":21},"end":{"line":58,"column":62}},"34":{"start":{"line":59,"column":6},"end":{"line":62,"column":7}},"35":{"start":{"line":60,"column":24},"end":{"line":60,"column":59}},"36":{"start":{"line":61,"column":8},"end":{"line":61,"column":45}},"37":{"start":{"line":63,"column":6},"end":{"line":63,"column":35}},"38":{"start":{"line":65,"column":6},"end":{"line":65,"column":35}},"39":{"start":{"line":66,"column":6},"end":{"line":66,"column":41}},"40":{"start":{"line":70,"column":2},"end":{"line":130,"column":4}},"41":{"start":{"line":71,"column":20},"end":{"line":71,"column":29}},"42":{"start":{"line":72,"column":4},"end":{"line":129,"column":5}},"43":{"start":{"line":73,"column":21},"end":{"line":73,"column":62}},"44":{"start":{"line":74,"column":6},"end":{"line":124,"column":7}},"45":{"start":{"line":81,"column":12},"end":{"line":81,"column":20}},"46":{"start":{"line":83,"column":30},"end":{"line":83,"column":79}},"47":{"start":{"line":85,"column":8},"end":{"line":94,"column":9}},"48":{"start":{"line":93,"column":10},"end":{"line":93,"column":68}},"49":{"start":{"line":96,"column":27},"end":{"line":103,"column":10}},"50":{"start":{"line":105,"column":27},"end":{"line":108,"column":17}},"51":{"start":{"line":109,"column":8},"end":{"line":123,"column":9}},"52":{"start":{"line":110,"column":10},"end":{"line":120,"column":11}},"53":{"start":{"line":111,"column":12},"end":{"line":114,"column":15}},"54":{"start":{"line":115,"column":28},"end":{"line":115,"column":51}},"55":{"start":{"line":116,"column":12},"end":{"line":116,"column":49}},"56":{"start":{"line":118,"column":12},"end":{"line":118,"column":41}},"57":{"start":{"line":119,"column":12},"end":{"line":119,"column":47}},"58":{"start":{"line":122,"column":10},"end":{"line":122,"column":39}},"59":{"start":{"line":125,"column":6},"end":{"line":125,"column":35}},"60":{"start":{"line":127,"column":6},"end":{"line":127,"column":35}},"61":{"start":{"line":128,"column":6},"end":{"line":128,"column":41}},"62":{"start":{"line":132,"column":2},"end":{"line":165,"column":4}},"63":{"start":{"line":133,"column":20},"end":{"line":133,"column":29}},"64":{"start":{"line":134,"column":4},"end":{"line":164,"column":5}},"65":{"start":{"line":135,"column":21},"end":{"line":135,"column":62}},"66":{"start":{"line":136,"column":6},"end":{"line":159,"column":7}},"67":{"start":{"line":139,"column":12},"end":{"line":139,"column":20}},"68":{"start":{"line":141,"column":21},"end":{"line":141,"column":23}},"69":{"start":{"line":142,"column":8},"end":{"line":142,"column":41}},"70":{"start":{"line":142,"column":20},"end":{"line":142,"column":41}},"71":{"start":{"line":143,"column":8},"end":{"line":143,"column":44}},"72":{"start":{"line":143,"column":21},"end":{"line":143,"column":44}},"73":{"start":{"line":144,"column":8},"end":{"line":144,"column":38}},"74":{"start":{"line":144,"column":19},"end":{"line":144,"column":38}},"75":{"start":{"line":145,"column":8},"end":{"line":145,"column":56}},"76":{"start":{"line":145,"column":25},"end":{"line":145,"column":56}},"77":{"start":{"line":147,"column":30},"end":{"line":147,"column":79}},"78":{"start":{"line":149,"column":8},"end":{"line":151,"column":9}},"79":{"start":{"line":150,"column":10},"end":{"line":150,"column":68}},"80":{"start":{"line":153,"column":20},"end":{"line":153,"column":43}},"81":{"start":{"line":155,"column":24},"end":{"line":157,"column":10}},"82":{"start":{"line":158,"column":8},"end":{"line":158,"column":45}},"83":{"start":{"line":160,"column":6},"end":{"line":160,"column":35}},"84":{"start":{"line":162,"column":6},"end":{"line":162,"column":35}},"85":{"start":{"line":163,"column":6},"end":{"line":163,"column":41}},"86":{"start":{"line":167,"column":2},"end":{"line":181,"column":4}},"87":{"start":{"line":168,"column":20},"end":{"line":168,"column":29}},"88":{"start":{"line":169,"column":16},"end":{"line":169,"column":39}},"89":{"start":{"line":170,"column":4},"end":{"line":180,"column":5}},"90":{"start":{"line":171,"column":21},"end":{"line":171,"column":62}},"91":{"start":{"line":172,"column":6},"end":{"line":175,"column":7}},"92":{"start":{"line":173,"column":8},"end":{"line":173,"column":53}},"93":{"start":{"line":174,"column":8},"end":{"line":174,"column":37}},"94":{"start":{"line":176,"column":6},"end":{"line":176,"column":35}},"95":{"start":{"line":178,"column":6},"end":{"line":178,"column":35}},"96":{"start":{"line":179,"column":6},"end":{"line":179,"column":41}},"97":{"start":{"line":183,"column":2},"end":{"line":183,"column":20}}},"fnMap":{"0":{"name":"(anonymous_0)","decl":{"start":{"line":6,"column":17},"end":{"line":6,"column":18}},"loc":{"start":{"line":6,"column":26},"end":{"line":184,"column":1}},"line":6},"1":{"name":"(anonymous_1)","decl":{"start":{"line":13,"column":26},"end":{"line":13,"column":27}},"loc":{"start":{"line":19,"column":7},"end":{"line":32,"column":3}},"line":19},"2":{"name":"(anonymous_2)","decl":{"start":{"line":34,"column":27},"end":{"line":34,"column":28}},"loc":{"start":{"line":34,"column":51},"end":{"line":37,"column":3}},"line":34},"3":{"name":"(anonymous_3)","decl":{"start":{"line":39,"column":20},"end":{"line":39,"column":21}},"loc":{"start":{"line":39,"column":40},"end":{"line":52,"column":3}},"line":39},"4":{"name":"(anonymous_4)","decl":{"start":{"line":54,"column":19},"end":{"line":54,"column":20}},"loc":{"start":{"line":54,"column":39},"end":{"line":68,"column":3}},"line":54},"5":{"name":"(anonymous_5)","decl":{"start":{"line":70,"column":19},"end":{"line":70,"column":20}},"loc":{"start":{"line":70,"column":39},"end":{"line":130,"column":3}},"line":70},"6":{"name":"(anonymous_6)","decl":{"start":{"line":132,"column":22},"end":{"line":132,"column":23}},"loc":{"start":{"line":132,"column":42},"end":{"line":165,"column":3}},"line":132},"7":{"name":"(anonymous_7)","decl":{"start":{"line":167,"column":22},"end":{"line":167,"column":23}},"loc":{"start":{"line":167,"column":42},"end":{"line":181,"column":3}},"line":167}},"branchMap":{"0":{"loc":{"start":{"line":21,"column":14},"end":{"line":21,"column":79}},"type":"cond-expr","locations":[{"start":{"line":21,"column":35},"end":{"line":21,"column":59}},{"start":{"line":21,"column":62},"end":{"line":21,"column":79}}],"line":21},"1":{"loc":{"start":{"line":21,"column":14},"end":{"line":21,"column":32}},"type":"binary-expr","locations":[{"start":{"line":21,"column":14},"end":{"line":21,"column":21}},{"start":{"line":21,"column":25},"end":{"line":21,"column":32}}],"line":21},"2":{"loc":{"start":{"line":21,"column":62},"end":{"line":21,"column":79}},"type":"binary-expr","locations":[{"start":{"line":21,"column":62},"end":{"line":21,"column":67}},{"start":{"line":21,"column":71},"end":{"line":21,"column":79}}],"line":21},"3":{"loc":{"start":{"line":22,"column":14},"end":{"line":22,"column":69}},"type":"cond-expr","locations":[{"start":{"line":22,"column":35},"end":{"line":22,"column":47}},{"start":{"line":22,"column":50},"end":{"line":22,"column":69}}],"line":22},"4":{"loc":{"start":{"line":22,"column":14},"end":{"line":22,"column":32}},"type":"binary-expr","locations":[{"start":{"line":22,"column":14},"end":{"line":22,"column":21}},{"start":{"line":22,"column":25},"end":{"line":22,"column":32}}],"line":22},"5":{"loc":{"start":{"line":22,"column":50},"end":{"line":22,"column":69}},"type":"binary-expr","locations":[{"start":{"line":22,"column":50},"end":{"line":22,"column":57}},{"start":{"line":22,"column":61},"end":{"line":22,"column":69}}],"line":22},"6":{"loc":{"start":{"line":24,"column":6},"end":{"line":26,"column":29}},"type":"cond-expr","locations":[{"start":{"line":25,"column":10},"end":{"line":25,"column":62}},{"start":{"line":26,"column":10},"end":{"line":26,"column":29}}],"line":24},"7":{"loc":{"start":{"line":24,"column":6},"end":{"line":24,"column":23}},"type":"binary-expr","locations":[{"start":{"line":24,"column":6},"end":{"line":24,"column":12}},{"start":{"line":24,"column":16},"end":{"line":24,"column":23}}],"line":24},"8":{"loc":{"start":{"line":25,"column":10},"end":{"line":25,"column":62}},"type":"binary-expr","locations":[{"start":{"line":25,"column":10},"end":{"line":25,"column":35}},{"start":{"line":25,"column":39},"end":{"line":25,"column":62}}],"line":25},"9":{"loc":{"start":{"line":26,"column":10},"end":{"line":26,"column":29}},"type":"binary-expr","locations":[{"start":{"line":26,"column":10},"end":{"line":26,"column":17}},{"start":{"line":26,"column":21},"end":{"line":26,"column":29}}],"line":26},"10":{"loc":{"start":{"line":28,"column":6},"end":{"line":30,"column":29}},"type":"cond-expr","locations":[{"start":{"line":29,"column":10},"end":{"line":29,"column":41}},{"start":{"line":30,"column":10},"end":{"line":30,"column":29}}],"line":28},"11":{"loc":{"start":{"line":28,"column":6},"end":{"line":28,"column":28}},"type":"binary-expr","locations":[{"start":{"line":28,"column":6},"end":{"line":28,"column":17}},{"start":{"line":28,"column":21},"end":{"line":28,"column":28}}],"line":28},"12":{"loc":{"start":{"line":30,"column":10},"end":{"line":30,"column":29}},"type":"binary-expr","locations":[{"start":{"line":30,"column":10},"end":{"line":30,"column":17}},{"start":{"line":30,"column":21},"end":{"line":30,"column":29}}],"line":30},"13":{"loc":{"start":{"line":43,"column":6},"end":{"line":46,"column":7}},"type":"if","locations":[{"start":{"line":43,"column":6},"end":{"line":46,"column":7}},{"start":{"line":43,"column":6},"end":{"line":46,"column":7}}],"line":43},"14":{"loc":{"start":{"line":59,"column":6},"end":{"line":62,"column":7}},"type":"if","locations":[{"start":{"line":59,"column":6},"end":{"line":62,"column":7}},{"start":{"line":59,"column":6},"end":{"line":62,"column":7}}],"line":59},"15":{"loc":{"start":{"line":74,"column":6},"end":{"line":124,"column":7}},"type":"if","locations":[{"start":{"line":74,"column":6},"end":{"line":124,"column":7}},{"start":{"line":74,"column":6},"end":{"line":124,"column":7}}],"line":74},"16":{"loc":{"start":{"line":76,"column":10},"end":{"line":76,"column":29}},"type":"default-arg","locations":[{"start":{"line":76,"column":19},"end":{"line":76,"column":29}}],"line":76},"17":{"loc":{"start":{"line":85,"column":8},"end":{"line":94,"column":9}},"type":"if","locations":[{"start":{"line":85,"column":8},"end":{"line":94,"column":9}},{"start":{"line":85,"column":8},"end":{"line":94,"column":9}}],"line":85},"18":{"loc":{"start":{"line":109,"column":8},"end":{"line":123,"column":9}},"type":"if","locations":[{"start":{"line":109,"column":8},"end":{"line":123,"column":9}},{"start":{"line":109,"column":8},"end":{"line":123,"column":9}}],"line":109},"19":{"loc":{"start":{"line":136,"column":6},"end":{"line":159,"column":7}},"type":"if","locations":[{"start":{"line":136,"column":6},"end":{"line":159,"column":7}},{"start":{"line":136,"column":6},"end":{"line":159,"column":7}}],"line":136},"20":{"loc":{"start":{"line":142,"column":8},"end":{"line":142,"column":41}},"type":"if","locations":[{"start":{"line":142,"column":8},"end":{"line":142,"column":41}},{"start":{"line":142,"column":8},"end":{"line":142,"column":41}}],"line":142},"21":{"loc":{"start":{"line":143,"column":8},"end":{"line":143,"column":44}},"type":"if","locations":[{"start":{"line":143,"column":8},"end":{"line":143,"column":44}},{"start":{"line":143,"column":8},"end":{"line":143,"column":44}}],"line":143},"22":{"loc":{"start":{"line":144,"column":8},"end":{"line":144,"column":38}},"type":"if","locations":[{"start":{"line":144,"column":8},"end":{"line":144,"column":38}},{"start":{"line":144,"column":8},"end":{"line":144,"column":38}}],"line":144},"23":{"loc":{"start":{"line":145,"column":8},"end":{"line":145,"column":56}},"type":"if","locations":[{"start":{"line":145,"column":8},"end":{"line":145,"column":56}},{"start":{"line":145,"column":8},"end":{"line":145,"column":56}}],"line":145},"24":{"loc":{"start":{"line":149,"column":8},"end":{"line":151,"column":9}},"type":"if","locations":[{"start":{"line":149,"column":8},"end":{"line":151,"column":9}},{"start":{"line":149,"column":8},"end":{"line":151,"column":9}}],"line":149},"25":{"loc":{"start":{"line":172,"column":6},"end":{"line":175,"column":7}},"type":"if","locations":[{"start":{"line":172,"column":6},"end":{"line":175,"column":7}},{"start":{"line":172,"column":6},"end":{"line":175,"column":7}}],"line":172}},"s":{"0":4,"1":4,"2":4,"3":4,"4":4,"5":4,"6":4,"7":4,"8":4,"9":4,"10":6,"11":6,"12":6,"13":6,"14":6,"15":6,"16":4,"17":11,"18":11,"19":4,"20":2,"21":2,"22":2,"23":2,"24":2,"25":2,"26":0,"27":0,"28":0,"29":4,"30":2,"31":2,"32":2,"33":2,"34":2,"35":2,"36":2,"37":0,"38":0,"39":0,"40":4,"41":5,"42":5,"43":5,"44":5,"45":5,"46":5,"47":5,"48":3,"49":2,"50":2,"51":2,"52":2,"53":2,"54":2,"55":2,"56":0,"57":0,"58":0,"59":0,"60":0,"61":0,"62":4,"63":1,"64":1,"65":1,"66":1,"67":1,"68":1,"69":1,"70":0,"71":1,"72":1,"73":1,"74":1,"75":1,"76":0,"77":1,"78":1,"79":0,"80":1,"81":1,"82":1,"83":0,"84":0,"85":0,"86":4,"87":1,"88":1,"89":1,"90":1,"91":1,"92":1,"93":1,"94":0,"95":0,"96":0,"97":4},"f":{"0":4,"1":6,"2":11,"3":2,"4":2,"5":5,"6":1,"7":1},"b":{"0":[4,2],"1":[6,4],"2":[2,2],"3":[4,2],"4":[6,5],"5":[2,1],"6":[3,3],"7":[6,5],"8":[3,0],"9":[3,1],"10":[2,4],"11":[6,4],"12":[4,2],"13":[2,0],"14":[2,0],"15":[5,0],"16":[3],"17":[3,2],"18":[2,0],"19":[1,0],"20":[0,1],"21":[1,0],"22":[1,0],"23":[0,1],"24":[0,1],"25":[1,0]},"_coverageSchema":"332fd63041d2c1bcb487cc26dd0d5f7d97098a6c","hash":"01836de844b72ade1cb416c3b8e929c5597586e5"}
,"C:\\Users\\italo\\Documents\\uni\\road\\ES-Backend\\app\\controllers\\user.js": {"path":"C:\\Users\\italo\\Documents\\uni\\road\\ES-Backend\\app\\controllers\\user.js","statementMap":{"0":{"start":{"line":1,"column":18},"end":{"line":1,"column":38}},"1":{"start":{"line":2,"column":15},"end":{"line":2,"column":32}},"2":{"start":{"line":4,"column":0},"end":{"line":229,"column":2}},"3":{"start":{"line":5,"column":15},"end":{"line":5,"column":30}},"4":{"start":{"line":6,"column":14},"end":{"line":6,"column":28}},"5":{"start":{"line":8,"column":21},"end":{"line":8,"column":23}},"6":{"start":{"line":10,"column":26},"end":{"line":10,"column":76}},"7":{"start":{"line":17,"column":27},"end":{"line":28,"column":3}},"8":{"start":{"line":18,"column":23},"end":{"line":25,"column":5}},"9":{"start":{"line":27,"column":4},"end":{"line":27,"column":22}},"10":{"start":{"line":36,"column":23},"end":{"line":58,"column":3}},"11":{"start":{"line":42,"column":18},"end":{"line":42,"column":22}},"12":{"start":{"line":43,"column":4},"end":{"line":43,"column":79}},"13":{"start":{"line":44,"column":4},"end":{"line":48,"column":30}},"14":{"start":{"line":49,"column":4},"end":{"line":53,"column":30}},"15":{"start":{"line":54,"column":4},"end":{"line":54,"column":80}},"16":{"start":{"line":55,"column":4},"end":{"line":56,"column":78}},"17":{"start":{"line":57,"column":4},"end":{"line":57,"column":19}},"18":{"start":{"line":66,"column":2},"end":{"line":77,"column":4}},"19":{"start":{"line":67,"column":4},"end":{"line":76,"column":9}},"20":{"start":{"line":71,"column":8},"end":{"line":74,"column":9}},"21":{"start":{"line":72,"column":10},"end":{"line":72,"column":41}},"22":{"start":{"line":73,"column":10},"end":{"line":73,"column":45}},"23":{"start":{"line":75,"column":8},"end":{"line":75,"column":43}},"24":{"start":{"line":85,"column":2},"end":{"line":96,"column":4}},"25":{"start":{"line":86,"column":20},"end":{"line":86,"column":28}},"26":{"start":{"line":87,"column":4},"end":{"line":95,"column":9}},"27":{"start":{"line":90,"column":8},"end":{"line":93,"column":9}},"28":{"start":{"line":91,"column":10},"end":{"line":91,"column":41}},"29":{"start":{"line":92,"column":10},"end":{"line":92,"column":45}},"30":{"start":{"line":94,"column":8},"end":{"line":94,"column":42}},"31":{"start":{"line":104,"column":2},"end":{"line":140,"column":4}},"32":{"start":{"line":107,"column":8},"end":{"line":107,"column":16}},"33":{"start":{"line":108,"column":4},"end":{"line":118,"column":5}},"34":{"start":{"line":117,"column":6},"end":{"line":117,"column":61}},"35":{"start":{"line":119,"column":20},"end":{"line":119,"column":30}},"36":{"start":{"line":120,"column":4},"end":{"line":120,"column":32}},"37":{"start":{"line":121,"column":4},"end":{"line":121,"column":42}},"38":{"start":{"line":122,"column":4},"end":{"line":122,"column":34}},"39":{"start":{"line":123,"column":4},"end":{"line":123,"column":26}},"40":{"start":{"line":124,"column":4},"end":{"line":124,"column":54}},"41":{"start":{"line":125,"column":4},"end":{"line":139,"column":7}},"42":{"start":{"line":126,"column":6},"end":{"line":136,"column":7}},"43":{"start":{"line":127,"column":8},"end":{"line":127,"column":39}},"44":{"start":{"line":128,"column":30},"end":{"line":128,"column":32}},"45":{"start":{"line":129,"column":8},"end":{"line":134,"column":9}},"46":{"start":{"line":130,"column":10},"end":{"line":130,"column":73}},"47":{"start":{"line":132,"column":10},"end":{"line":133,"column":80}},"48":{"start":{"line":135,"column":8},"end":{"line":135,"column":51}},"49":{"start":{"line":138,"column":6},"end":{"line":138,"column":58}},"50":{"start":{"line":148,"column":2},"end":{"line":170,"column":4}},"51":{"start":{"line":149,"column":51},"end":{"line":149,"column":59}},"52":{"start":{"line":150,"column":17},"end":{"line":150,"column":19}},"53":{"start":{"line":151,"column":4},"end":{"line":151,"column":43}},"54":{"start":{"line":151,"column":18},"end":{"line":151,"column":43}},"55":{"start":{"line":152,"column":4},"end":{"line":152,"column":58}},"56":{"start":{"line":152,"column":23},"end":{"line":152,"column":58}},"57":{"start":{"line":153,"column":4},"end":{"line":153,"column":46}},"58":{"start":{"line":153,"column":19},"end":{"line":153,"column":46}},"59":{"start":{"line":155,"column":4},"end":{"line":157,"column":5}},"60":{"start":{"line":156,"column":6},"end":{"line":156,"column":61}},"61":{"start":{"line":159,"column":20},"end":{"line":159,"column":28}},"62":{"start":{"line":161,"column":4},"end":{"line":169,"column":9}},"63":{"start":{"line":164,"column":8},"end":{"line":167,"column":9}},"64":{"start":{"line":165,"column":10},"end":{"line":165,"column":41}},"65":{"start":{"line":166,"column":10},"end":{"line":166,"column":45}},"66":{"start":{"line":168,"column":8},"end":{"line":168,"column":60}},"67":{"start":{"line":177,"column":2},"end":{"line":193,"column":4}},"68":{"start":{"line":178,"column":20},"end":{"line":178,"column":28}},"69":{"start":{"line":180,"column":4},"end":{"line":192,"column":7}},"70":{"start":{"line":181,"column":6},"end":{"line":184,"column":7}},"71":{"start":{"line":182,"column":8},"end":{"line":182,"column":39}},"72":{"start":{"line":183,"column":8},"end":{"line":183,"column":43}},"73":{"start":{"line":185,"column":6},"end":{"line":191,"column":11}},"74":{"start":{"line":187,"column":20},"end":{"line":187,"column":41}},"75":{"start":{"line":189,"column":10},"end":{"line":189,"column":39}},"76":{"start":{"line":190,"column":10},"end":{"line":190,"column":43}},"77":{"start":{"line":200,"column":2},"end":{"line":226,"column":4}},"78":{"start":{"line":201,"column":20},"end":{"line":201,"column":28}},"79":{"start":{"line":202,"column":4},"end":{"line":225,"column":9}},"80":{"start":{"line":205,"column":8},"end":{"line":220,"column":9}},"81":{"start":{"line":206,"column":23},"end":{"line":206,"column":25}},"82":{"start":{"line":207,"column":10},"end":{"line":207,"column":63}},"83":{"start":{"line":209,"column":10},"end":{"line":217,"column":15}},"84":{"start":{"line":212,"column":14},"end":{"line":215,"column":15}},"85":{"start":{"line":213,"column":16},"end":{"line":213,"column":45}},"86":{"start":{"line":214,"column":16},"end":{"line":214,"column":49}},"87":{"start":{"line":216,"column":14},"end":{"line":216,"column":43}},"88":{"start":{"line":219,"column":10},"end":{"line":219,"column":39}},"89":{"start":{"line":223,"column":8},"end":{"line":223,"column":39}},"90":{"start":{"line":224,"column":8},"end":{"line":224,"column":43}},"91":{"start":{"line":228,"column":2},"end":{"line":228,"column":20}}},"fnMap":{"0":{"name":"(anonymous_0)","decl":{"start":{"line":4,"column":17},"end":{"line":4,"column":18}},"loc":{"start":{"line":4,"column":26},"end":{"line":229,"column":1}},"line":4},"1":{"name":"(anonymous_1)","decl":{"start":{"line":17,"column":27},"end":{"line":17,"column":28}},"loc":{"start":{"line":17,"column":37},"end":{"line":28,"column":3}},"line":17},"2":{"name":"(anonymous_2)","decl":{"start":{"line":36,"column":23},"end":{"line":36,"column":24}},"loc":{"start":{"line":41,"column":7},"end":{"line":58,"column":3}},"line":41},"3":{"name":"(anonymous_3)","decl":{"start":{"line":66,"column":20},"end":{"line":66,"column":21}},"loc":{"start":{"line":66,"column":34},"end":{"line":77,"column":3}},"line":66},"4":{"name":"(anonymous_4)","decl":{"start":{"line":70,"column":12},"end":{"line":70,"column":13}},"loc":{"start":{"line":70,"column":30},"end":{"line":76,"column":7}},"line":70},"5":{"name":"(anonymous_5)","decl":{"start":{"line":85,"column":19},"end":{"line":85,"column":20}},"loc":{"start":{"line":85,"column":33},"end":{"line":96,"column":3}},"line":85},"6":{"name":"(anonymous_6)","decl":{"start":{"line":89,"column":12},"end":{"line":89,"column":13}},"loc":{"start":{"line":89,"column":29},"end":{"line":95,"column":7}},"line":89},"7":{"name":"(anonymous_7)","decl":{"start":{"line":104,"column":19},"end":{"line":104,"column":20}},"loc":{"start":{"line":104,"column":33},"end":{"line":140,"column":3}},"line":104},"8":{"name":"(anonymous_8)","decl":{"start":{"line":125,"column":17},"end":{"line":125,"column":18}},"loc":{"start":{"line":125,"column":34},"end":{"line":139,"column":5}},"line":125},"9":{"name":"(anonymous_9)","decl":{"start":{"line":148,"column":22},"end":{"line":148,"column":23}},"loc":{"start":{"line":148,"column":36},"end":{"line":170,"column":3}},"line":148},"10":{"name":"(anonymous_10)","decl":{"start":{"line":163,"column":12},"end":{"line":163,"column":13}},"loc":{"start":{"line":163,"column":29},"end":{"line":169,"column":7}},"line":163},"11":{"name":"(anonymous_11)","decl":{"start":{"line":177,"column":22},"end":{"line":177,"column":23}},"loc":{"start":{"line":177,"column":36},"end":{"line":193,"column":3}},"line":177},"12":{"name":"(anonymous_12)","decl":{"start":{"line":180,"column":37},"end":{"line":180,"column":38}},"loc":{"start":{"line":180,"column":48},"end":{"line":192,"column":5}},"line":180},"13":{"name":"(anonymous_13)","decl":{"start":{"line":187,"column":14},"end":{"line":187,"column":15}},"loc":{"start":{"line":187,"column":20},"end":{"line":187,"column":41}},"line":187},"14":{"name":"(anonymous_14)","decl":{"start":{"line":188,"column":15},"end":{"line":188,"column":16}},"loc":{"start":{"line":188,"column":24},"end":{"line":191,"column":9}},"line":188},"15":{"name":"(anonymous_15)","decl":{"start":{"line":200,"column":30},"end":{"line":200,"column":31}},"loc":{"start":{"line":200,"column":44},"end":{"line":226,"column":3}},"line":200},"16":{"name":"(anonymous_16)","decl":{"start":{"line":204,"column":12},"end":{"line":204,"column":13}},"loc":{"start":{"line":204,"column":22},"end":{"line":221,"column":7}},"line":204},"17":{"name":"(anonymous_17)","decl":{"start":{"line":211,"column":18},"end":{"line":211,"column":19}},"loc":{"start":{"line":211,"column":27},"end":{"line":217,"column":13}},"line":211},"18":{"name":"(anonymous_18)","decl":{"start":{"line":222,"column":13},"end":{"line":222,"column":14}},"loc":{"start":{"line":222,"column":24},"end":{"line":225,"column":7}},"line":222}},"branchMap":{"0":{"loc":{"start":{"line":43,"column":14},"end":{"line":43,"column":78}},"type":"cond-expr","locations":[{"start":{"line":43,"column":36},"end":{"line":43,"column":56}},{"start":{"line":43,"column":59},"end":{"line":43,"column":78}}],"line":43},"1":{"loc":{"start":{"line":43,"column":14},"end":{"line":43,"column":33}},"type":"binary-expr","locations":[{"start":{"line":43,"column":14},"end":{"line":43,"column":22}},{"start":{"line":43,"column":26},"end":{"line":43,"column":33}}],"line":43},"2":{"loc":{"start":{"line":43,"column":59},"end":{"line":43,"column":78}},"type":"binary-expr","locations":[{"start":{"line":43,"column":59},"end":{"line":43,"column":66}},{"start":{"line":43,"column":70},"end":{"line":43,"column":78}}],"line":43},"3":{"loc":{"start":{"line":45,"column":6},"end":{"line":48,"column":29}},"type":"cond-expr","locations":[{"start":{"line":46,"column":10},"end":{"line":47,"column":57}},{"start":{"line":48,"column":10},"end":{"line":48,"column":29}}],"line":45},"4":{"loc":{"start":{"line":45,"column":6},"end":{"line":45,"column":26}},"type":"binary-expr","locations":[{"start":{"line":45,"column":6},"end":{"line":45,"column":15}},{"start":{"line":45,"column":19},"end":{"line":45,"column":26}}],"line":45},"5":{"loc":{"start":{"line":46,"column":10},"end":{"line":47,"column":57}},"type":"binary-expr","locations":[{"start":{"line":46,"column":10},"end":{"line":46,"column":37}},{"start":{"line":47,"column":10},"end":{"line":47,"column":57}}],"line":46},"6":{"loc":{"start":{"line":48,"column":10},"end":{"line":48,"column":29}},"type":"binary-expr","locations":[{"start":{"line":48,"column":10},"end":{"line":48,"column":17}},{"start":{"line":48,"column":21},"end":{"line":48,"column":29}}],"line":48},"7":{"loc":{"start":{"line":50,"column":6},"end":{"line":53,"column":29}},"type":"cond-expr","locations":[{"start":{"line":51,"column":10},"end":{"line":52,"column":58}},{"start":{"line":53,"column":10},"end":{"line":53,"column":29}}],"line":50},"8":{"loc":{"start":{"line":50,"column":6},"end":{"line":50,"column":30}},"type":"binary-expr","locations":[{"start":{"line":50,"column":6},"end":{"line":50,"column":19}},{"start":{"line":50,"column":23},"end":{"line":50,"column":30}}],"line":50},"9":{"loc":{"start":{"line":51,"column":10},"end":{"line":52,"column":58}},"type":"binary-expr","locations":[{"start":{"line":51,"column":10},"end":{"line":51,"column":41}},{"start":{"line":52,"column":10},"end":{"line":52,"column":58}}],"line":51},"10":{"loc":{"start":{"line":53,"column":10},"end":{"line":53,"column":29}},"type":"binary-expr","locations":[{"start":{"line":53,"column":10},"end":{"line":53,"column":17}},{"start":{"line":53,"column":21},"end":{"line":53,"column":29}}],"line":53},"11":{"loc":{"start":{"line":54,"column":14},"end":{"line":54,"column":79}},"type":"cond-expr","locations":[{"start":{"line":54,"column":33},"end":{"line":54,"column":57}},{"start":{"line":54,"column":60},"end":{"line":54,"column":79}}],"line":54},"12":{"loc":{"start":{"line":54,"column":14},"end":{"line":54,"column":30}},"type":"binary-expr","locations":[{"start":{"line":54,"column":14},"end":{"line":54,"column":19}},{"start":{"line":54,"column":23},"end":{"line":54,"column":30}}],"line":54},"13":{"loc":{"start":{"line":54,"column":60},"end":{"line":54,"column":79}},"type":"binary-expr","locations":[{"start":{"line":54,"column":60},"end":{"line":54,"column":67}},{"start":{"line":54,"column":71},"end":{"line":54,"column":79}}],"line":54},"14":{"loc":{"start":{"line":56,"column":6},"end":{"line":56,"column":77}},"type":"cond-expr","locations":[{"start":{"line":56,"column":28},"end":{"line":56,"column":55}},{"start":{"line":56,"column":58},"end":{"line":56,"column":77}}],"line":56},"15":{"loc":{"start":{"line":56,"column":6},"end":{"line":56,"column":25}},"type":"binary-expr","locations":[{"start":{"line":56,"column":6},"end":{"line":56,"column":14}},{"start":{"line":56,"column":18},"end":{"line":56,"column":25}}],"line":56},"16":{"loc":{"start":{"line":56,"column":58},"end":{"line":56,"column":77}},"type":"binary-expr","locations":[{"start":{"line":56,"column":58},"end":{"line":56,"column":65}},{"start":{"line":56,"column":69},"end":{"line":56,"column":77}}],"line":56},"17":{"loc":{"start":{"line":71,"column":8},"end":{"line":74,"column":9}},"type":"if","locations":[{"start":{"line":71,"column":8},"end":{"line":74,"column":9}},{"start":{"line":71,"column":8},"end":{"line":74,"column":9}}],"line":71},"18":{"loc":{"start":{"line":90,"column":8},"end":{"line":93,"column":9}},"type":"if","locations":[{"start":{"line":90,"column":8},"end":{"line":93,"column":9}},{"start":{"line":90,"column":8},"end":{"line":93,"column":9}}],"line":90},"19":{"loc":{"start":{"line":108,"column":4},"end":{"line":118,"column":5}},"type":"if","locations":[{"start":{"line":108,"column":4},"end":{"line":118,"column":5}},{"start":{"line":108,"column":4},"end":{"line":118,"column":5}}],"line":108},"20":{"loc":{"start":{"line":126,"column":6},"end":{"line":136,"column":7}},"type":"if","locations":[{"start":{"line":126,"column":6},"end":{"line":136,"column":7}},{"start":{"line":126,"column":6},"end":{"line":136,"column":7}}],"line":126},"21":{"loc":{"start":{"line":129,"column":8},"end":{"line":134,"column":9}},"type":"if","locations":[{"start":{"line":129,"column":8},"end":{"line":134,"column":9}},{"start":{"line":129,"column":8},"end":{"line":134,"column":9}}],"line":129},"22":{"loc":{"start":{"line":151,"column":4},"end":{"line":151,"column":43}},"type":"if","locations":[{"start":{"line":151,"column":4},"end":{"line":151,"column":43}},{"start":{"line":151,"column":4},"end":{"line":151,"column":43}}],"line":151},"23":{"loc":{"start":{"line":152,"column":4},"end":{"line":152,"column":58}},"type":"if","locations":[{"start":{"line":152,"column":4},"end":{"line":152,"column":58}},{"start":{"line":152,"column":4},"end":{"line":152,"column":58}}],"line":152},"24":{"loc":{"start":{"line":153,"column":4},"end":{"line":153,"column":46}},"type":"if","locations":[{"start":{"line":153,"column":4},"end":{"line":153,"column":46}},{"start":{"line":153,"column":4},"end":{"line":153,"column":46}}],"line":153},"25":{"loc":{"start":{"line":155,"column":4},"end":{"line":157,"column":5}},"type":"if","locations":[{"start":{"line":155,"column":4},"end":{"line":157,"column":5}},{"start":{"line":155,"column":4},"end":{"line":157,"column":5}}],"line":155},"26":{"loc":{"start":{"line":164,"column":8},"end":{"line":167,"column":9}},"type":"if","locations":[{"start":{"line":164,"column":8},"end":{"line":167,"column":9}},{"start":{"line":164,"column":8},"end":{"line":167,"column":9}}],"line":164},"27":{"loc":{"start":{"line":181,"column":6},"end":{"line":184,"column":7}},"type":"if","locations":[{"start":{"line":181,"column":6},"end":{"line":184,"column":7}},{"start":{"line":181,"column":6},"end":{"line":184,"column":7}}],"line":181},"28":{"loc":{"start":{"line":205,"column":8},"end":{"line":220,"column":9}},"type":"if","locations":[{"start":{"line":205,"column":8},"end":{"line":220,"column":9}},{"start":{"line":205,"column":8},"end":{"line":220,"column":9}}],"line":205},"29":{"loc":{"start":{"line":212,"column":14},"end":{"line":215,"column":15}},"type":"if","locations":[{"start":{"line":212,"column":14},"end":{"line":215,"column":15}},{"start":{"line":212,"column":14},"end":{"line":215,"column":15}}],"line":212}},"s":{"0":4,"1":4,"2":4,"3":4,"4":4,"5":4,"6":4,"7":4,"8":6,"9":6,"10":4,"11":10,"12":10,"13":10,"14":10,"15":10,"16":10,"17":10,"18":4,"19":0,"20":0,"21":0,"22":0,"23":0,"24":4,"25":1,"26":1,"27":1,"28":0,"29":0,"30":1,"31":4,"32":9,"33":9,"34":4,"35":5,"36":5,"37":5,"38":5,"39":5,"40":5,"41":5,"42":5,"43":0,"44":0,"45":0,"46":0,"47":0,"48":0,"49":5,"50":4,"51":1,"52":1,"53":1,"54":1,"55":1,"56":0,"57":1,"58":0,"59":1,"60":0,"61":1,"62":1,"63":1,"64":0,"65":0,"66":1,"67":4,"68":1,"69":1,"70":1,"71":0,"72":0,"73":1,"74":1,"75":0,"76":0,"77":4,"78":0,"79":0,"80":0,"81":0,"82":0,"83":0,"84":0,"85":0,"86":0,"87":0,"88":0,"89":0,"90":0,"91":4},"f":{"0":4,"1":6,"2":10,"3":0,"4":0,"5":1,"6":1,"7":9,"8":5,"9":1,"10":1,"11":1,"12":1,"13":1,"14":0,"15":0,"16":0,"17":0,"18":0},"b":{"0":[9,1],"1":[10,9],"2":[1,1],"3":[7,3],"4":[10,8],"5":[7,7],"6":[3,2],"7":[7,3],"8":[10,9],"9":[7,7],"10":[3,1],"11":[6,4],"12":[10,8],"13":[4,2],"14":[5,5],"15":[10,8],"16":[5,2],"17":[0,0],"18":[0,1],"19":[4,5],"20":[0,5],"21":[0,0],"22":[1,0],"23":[0,1],"24":[0,1],"25":[0,1],"26":[0,1],"27":[0,1],"28":[0,0],"29":[0,0]},"_coverageSchema":"332fd63041d2c1bcb487cc26dd0d5f7d97098a6c","hash":"4c450a8c942b99c7c8c3e28c7a539530a7850b00"}
,"C:\\Users\\italo\\Documents\\uni\\road\\ES-Backend\\app\\models\\car.js": {"path":"C:\\Users\\italo\\Documents\\uni\\road\\ES-Backend\\app\\models\\car.js","statementMap":{"0":{"start":{"line":1,"column":17},"end":{"line":1,"column":36}},"1":{"start":{"line":3,"column":16},"end":{"line":3,"column":36}},"2":{"start":{"line":4,"column":16},"end":{"line":4,"column":36}},"3":{"start":{"line":6,"column":18},"end":{"line":39,"column":2}},"4":{"start":{"line":41,"column":0},"end":{"line":47,"column":3}},"5":{"start":{"line":42,"column":19},"end":{"line":42,"column":56}},"6":{"start":{"line":43,"column":19},"end":{"line":43,"column":56}},"7":{"start":{"line":44,"column":2},"end":{"line":44,"column":56}},"8":{"start":{"line":44,"column":38},"end":{"line":44,"column":54}},"9":{"start":{"line":45,"column":2},"end":{"line":45,"column":56}},"10":{"start":{"line":45,"column":38},"end":{"line":45,"column":54}},"11":{"start":{"line":46,"column":2},"end":{"line":46,"column":9}},"12":{"start":{"line":49,"column":0},"end":{"line":49,"column":56}},"13":{"start":{"line":49,"column":23},"end":{"line":49,"column":55}}},"fnMap":{"0":{"name":"(anonymous_0)","decl":{"start":{"line":41,"column":25},"end":{"line":41,"column":26}},"loc":{"start":{"line":41,"column":41},"end":{"line":47,"column":1}},"line":41},"1":{"name":"(anonymous_1)","decl":{"start":{"line":44,"column":19},"end":{"line":44,"column":20}},"loc":{"start":{"line":44,"column":38},"end":{"line":44,"column":54}},"line":44},"2":{"name":"(anonymous_2)","decl":{"start":{"line":45,"column":19},"end":{"line":45,"column":20}},"loc":{"start":{"line":45,"column":38},"end":{"line":45,"column":54}},"line":45},"3":{"name":"(anonymous_3)","decl":{"start":{"line":49,"column":17},"end":{"line":49,"column":18}},"loc":{"start":{"line":49,"column":23},"end":{"line":49,"column":55}},"line":49}},"branchMap":{},"s":{"0":4,"1":4,"2":4,"3":4,"4":4,"5":0,"6":0,"7":0,"8":0,"9":0,"10":0,"11":0,"12":4,"13":4},"f":{"0":0,"1":0,"2":0,"3":4},"b":{},"_coverageSchema":"332fd63041d2c1bcb487cc26dd0d5f7d97098a6c","hash":"0784f4edda25701b49f6c70ac403ae1b248b8d13"}
,"C:\\Users\\italo\\Documents\\uni\\road\\ES-Backend\\app\\models\\mileage.js": {"path":"C:\\Users\\italo\\Documents\\uni\\road\\ES-Backend\\app\\models\\mileage.js","statementMap":{"0":{"start":{"line":1,"column":17},"end":{"line":1,"column":36}},"1":{"start":{"line":3,"column":22},"end":{"line":19,"column":2}},"2":{"start":{"line":21,"column":0},"end":{"line":21,"column":64}},"3":{"start":{"line":21,"column":23},"end":{"line":21,"column":63}}},"fnMap":{"0":{"name":"(anonymous_0)","decl":{"start":{"line":21,"column":17},"end":{"line":21,"column":18}},"loc":{"start":{"line":21,"column":23},"end":{"line":21,"column":63}},"line":21}},"branchMap":{},"s":{"0":4,"1":4,"2":4,"3":4},"f":{"0":4},"b":{},"_coverageSchema":"332fd63041d2c1bcb487cc26dd0d5f7d97098a6c","hash":"7f8cf639cbeb762dea29792455df95af8a78f3f3"}
,"C:\\Users\\italo\\Documents\\uni\\road\\ES-Backend\\app\\models\\service.js": {"path":"C:\\Users\\italo\\Documents\\uni\\road\\ES-Backend\\app\\models\\service.js","statementMap":{"0":{"start":{"line":1,"column":17},"end":{"line":1,"column":36}},"1":{"start":{"line":3,"column":22},"end":{"line":31,"column":2}},"2":{"start":{"line":33,"column":0},"end":{"line":33,"column":64}},"3":{"start":{"line":33,"column":23},"end":{"line":33,"column":63}}},"fnMap":{"0":{"name":"(anonymous_0)","decl":{"start":{"line":33,"column":17},"end":{"line":33,"column":18}},"loc":{"start":{"line":33,"column":23},"end":{"line":33,"column":63}},"line":33}},"branchMap":{},"s":{"0":4,"1":4,"2":4,"3":4},"f":{"0":4},"b":{},"_coverageSchema":"332fd63041d2c1bcb487cc26dd0d5f7d97098a6c","hash":"2b8a49f5c068369e516ea2ea6f8195c8b01de5cc"}
,"C:\\Users\\italo\\Documents\\uni\\road\\ES-Backend\\app\\models\\user.js": {"path":"C:\\Users\\italo\\Documents\\uni\\road\\ES-Backend\\app\\models\\user.js","statementMap":{"0":{"start":{"line":1,"column":17},"end":{"line":1,"column":36}},"1":{"start":{"line":2,"column":15},"end":{"line":2,"column":39}},"2":{"start":{"line":4,"column":12},"end":{"line":4,"column":28}},"3":{"start":{"line":6,"column":19},"end":{"line":40,"column":2}},"4":{"start":{"line":43,"column":0},"end":{"line":47,"column":3}},"5":{"start":{"line":44,"column":15},"end":{"line":44,"column":50}},"6":{"start":{"line":45,"column":2},"end":{"line":45,"column":38}},"7":{"start":{"line":45,"column":24},"end":{"line":45,"column":36}},"8":{"start":{"line":46,"column":2},"end":{"line":46,"column":9}},"9":{"start":{"line":55,"column":0},"end":{"line":57,"column":2}},"10":{"start":{"line":56,"column":2},"end":{"line":56,"column":64}},"11":{"start":{"line":65,"column":0},"end":{"line":67,"column":2}},"12":{"start":{"line":66,"column":2},"end":{"line":66,"column":53}},"13":{"start":{"line":69,"column":0},"end":{"line":69,"column":58}},"14":{"start":{"line":69,"column":23},"end":{"line":69,"column":57}}},"fnMap":{"0":{"name":"(anonymous_0)","decl":{"start":{"line":43,"column":26},"end":{"line":43,"column":27}},"loc":{"start":{"line":43,"column":48},"end":{"line":47,"column":1}},"line":43},"1":{"name":"(anonymous_1)","decl":{"start":{"line":45,"column":15},"end":{"line":45,"column":16}},"loc":{"start":{"line":45,"column":24},"end":{"line":45,"column":36}},"line":45},"2":{"name":"(anonymous_2)","decl":{"start":{"line":55,"column":34},"end":{"line":55,"column":35}},"loc":{"start":{"line":55,"column":54},"end":{"line":57,"column":1}},"line":55},"3":{"name":"(anonymous_3)","decl":{"start":{"line":65,"column":36},"end":{"line":65,"column":37}},"loc":{"start":{"line":65,"column":56},"end":{"line":67,"column":1}},"line":65},"4":{"name":"(anonymous_4)","decl":{"start":{"line":69,"column":17},"end":{"line":69,"column":18}},"loc":{"start":{"line":69,"column":23},"end":{"line":69,"column":57}},"line":69}},"branchMap":{},"s":{"0":4,"1":4,"2":4,"3":4,"4":4,"5":0,"6":0,"7":0,"8":0,"9":4,"10":5,"11":4,"12":6,"13":4,"14":4},"f":{"0":0,"1":0,"2":5,"3":6,"4":4},"b":{},"_coverageSchema":"332fd63041d2c1bcb487cc26dd0d5f7d97098a6c","hash":"f5baeac7749b1dcfba99c8bfd99a2deefc1c9386"}
,"C:\\Users\\italo\\Documents\\uni\\road\\ES-Backend\\app\\routes\\auth.js": {"path":"C:\\Users\\italo\\Documents\\uni\\road\\ES-Backend\\app\\routes\\auth.js","statementMap":{"0":{"start":{"line":1,"column":0},"end":{"line":7,"column":2}},"1":{"start":{"line":2,"column":21},"end":{"line":2,"column":41}},"2":{"start":{"line":3,"column":26},"end":{"line":3,"column":46}},"3":{"start":{"line":5,"column":2},"end":{"line":5,"column":45}},"4":{"start":{"line":6,"column":2},"end":{"line":6,"column":75}}},"fnMap":{"0":{"name":"(anonymous_0)","decl":{"start":{"line":1,"column":17},"end":{"line":1,"column":18}},"loc":{"start":{"line":1,"column":26},"end":{"line":7,"column":1}},"line":1}},"branchMap":{},"s":{"0":4,"1":4,"2":4,"3":4,"4":4},"f":{"0":4},"b":{},"_coverageSchema":"332fd63041d2c1bcb487cc26dd0d5f7d97098a6c","hash":"7fddca60f125aba1a842c65f4db6d0e7eec81509"}
,"C:\\Users\\italo\\Documents\\uni\\road\\ES-Backend\\app\\routes\\car.js": {"path":"C:\\Users\\italo\\Documents\\uni\\road\\ES-Backend\\app\\routes\\car.js","statementMap":{"0":{"start":{"line":1,"column":0},"end":{"line":15,"column":2}},"1":{"start":{"line":2,"column":21},"end":{"line":2,"column":40}},"2":{"start":{"line":3,"column":26},"end":{"line":3,"column":46}},"3":{"start":{"line":5,"column":2},"end":{"line":8,"column":54}},"4":{"start":{"line":10,"column":2},"end":{"line":14,"column":59}}},"fnMap":{"0":{"name":"(anonymous_0)","decl":{"start":{"line":1,"column":17},"end":{"line":1,"column":18}},"loc":{"start":{"line":1,"column":26},"end":{"line":15,"column":1}},"line":1}},"branchMap":{},"s":{"0":4,"1":4,"2":4,"3":4,"4":4},"f":{"0":4},"b":{},"_coverageSchema":"332fd63041d2c1bcb487cc26dd0d5f7d97098a6c","hash":"cd049c88ede40e87d987ad31f207316db6e3bff2"}
,"C:\\Users\\italo\\Documents\\uni\\road\\ES-Backend\\app\\routes\\mileage.js": {"path":"C:\\Users\\italo\\Documents\\uni\\road\\ES-Backend\\app\\routes\\mileage.js","statementMap":{"0":{"start":{"line":1,"column":0},"end":{"line":10,"column":2}},"1":{"start":{"line":2,"column":21},"end":{"line":2,"column":44}},"2":{"start":{"line":3,"column":26},"end":{"line":3,"column":46}},"3":{"start":{"line":5,"column":2},"end":{"line":5,"column":73}},"4":{"start":{"line":7,"column":2},"end":{"line":9,"column":59}}},"fnMap":{"0":{"name":"(anonymous_0)","decl":{"start":{"line":1,"column":17},"end":{"line":1,"column":18}},"loc":{"start":{"line":1,"column":26},"end":{"line":10,"column":1}},"line":1}},"branchMap":{},"s":{"0":4,"1":4,"2":4,"3":4,"4":4},"f":{"0":4},"b":{},"_coverageSchema":"332fd63041d2c1bcb487cc26dd0d5f7d97098a6c","hash":"3e273c0c4141f5427806de03f22cb2a354106127"}
,"C:\\Users\\italo\\Documents\\uni\\road\\ES-Backend\\app\\routes\\service.js": {"path":"C:\\Users\\italo\\Documents\\uni\\road\\ES-Backend\\app\\routes\\service.js","statementMap":{"0":{"start":{"line":1,"column":0},"end":{"line":15,"column":2}},"1":{"start":{"line":2,"column":21},"end":{"line":2,"column":44}},"2":{"start":{"line":3,"column":26},"end":{"line":3,"column":46}},"3":{"start":{"line":5,"column":2},"end":{"line":8,"column":54}},"4":{"start":{"line":10,"column":2},"end":{"line":14,"column":59}}},"fnMap":{"0":{"name":"(anonymous_0)","decl":{"start":{"line":1,"column":17},"end":{"line":1,"column":18}},"loc":{"start":{"line":1,"column":26},"end":{"line":15,"column":1}},"line":1}},"branchMap":{},"s":{"0":4,"1":4,"2":4,"3":4,"4":4},"f":{"0":4},"b":{},"_coverageSchema":"332fd63041d2c1bcb487cc26dd0d5f7d97098a6c","hash":"89194c17d48e50b7a9e05b1aa66112a5e553a689"}
,"C:\\Users\\italo\\Documents\\uni\\road\\ES-Backend\\app\\routes\\user.js": {"path":"C:\\Users\\italo\\Documents\\uni\\road\\ES-Backend\\app\\routes\\user.js","statementMap":{"0":{"start":{"line":1,"column":0},"end":{"line":17,"column":2}},"1":{"start":{"line":2,"column":21},"end":{"line":2,"column":41}},"2":{"start":{"line":3,"column":26},"end":{"line":3,"column":46}},"3":{"start":{"line":5,"column":2},"end":{"line":10,"column":59}},"4":{"start":{"line":14,"column":2},"end":{"line":16,"column":65}}},"fnMap":{"0":{"name":"(anonymous_0)","decl":{"start":{"line":1,"column":17},"end":{"line":1,"column":18}},"loc":{"start":{"line":1,"column":26},"end":{"line":17,"column":1}},"line":1}},"branchMap":{},"s":{"0":4,"1":4,"2":4,"3":4,"4":4},"f":{"0":4},"b":{},"_coverageSchema":"332fd63041d2c1bcb487cc26dd0d5f7d97098a6c","hash":"06855ef2f1af4d4e41638bdc2495dc80bad94ef9"}
,"C:\\Users\\italo\\Documents\\uni\\road\\ES-Backend\\app\\utils\\exception.js": {"path":"C:\\Users\\italo\\Documents\\uni\\road\\ES-Backend\\app\\utils\\exception.js","statementMap":{"0":{"start":{"line":1,"column":0},"end":{"line":3,"column":2}},"1":{"start":{"line":2,"column":46},"end":{"line":2,"column":76}}},"fnMap":{"0":{"name":"(anonymous_0)","decl":{"start":{"line":2,"column":20},"end":{"line":2,"column":21}},"loc":{"start":{"line":2,"column":46},"end":{"line":2,"column":76}},"line":2}},"branchMap":{},"s":{"0":4,"1":0},"f":{"0":0},"b":{},"_coverageSchema":"332fd63041d2c1bcb487cc26dd0d5f7d97098a6c","hash":"495e759c1884d55c71c51999406ce683c06810d8"}
,"C:\\Users\\italo\\Documents\\uni\\road\\ES-Backend\\app\\utils\\notifications.js": {"path":"C:\\Users\\italo\\Documents\\uni\\road\\ES-Backend\\app\\utils\\notifications.js","statementMap":{"0":{"start":{"line":1,"column":14},"end":{"line":1,"column":43}},"1":{"start":{"line":3,"column":15},"end":{"line":3,"column":53}},"2":{"start":{"line":5,"column":0},"end":{"line":32,"column":2}},"3":{"start":{"line":7,"column":4},"end":{"line":12,"column":5}},"4":{"start":{"line":8,"column":23},"end":{"line":8,"column":64}},"5":{"start":{"line":9,"column":6},"end":{"line":9,"column":22}},"6":{"start":{"line":11,"column":6},"end":{"line":11,"column":25}}},"fnMap":{"0":{"name":"(anonymous_0)","decl":{"start":{"line":6,"column":20},"end":{"line":6,"column":21}},"loc":{"start":{"line":6,"column":36},"end":{"line":13,"column":3}},"line":6}},"branchMap":{},"s":{"0":4,"1":4,"2":4,"3":0,"4":0,"5":0,"6":0},"f":{"0":0},"b":{},"_coverageSchema":"332fd63041d2c1bcb487cc26dd0d5f7d97098a6c","hash":"09b05b268f6859b35bfd29737d44a82809def293"}
,"C:\\Users\\italo\\Documents\\uni\\road\\ES-Backend\\app\\utils\\permission.js": {"path":"C:\\Users\\italo\\Documents\\uni\\road\\ES-Backend\\app\\utils\\permission.js","statementMap":{"0":{"start":{"line":1,"column":17},"end":{"line":1,"column":36}},"1":{"start":{"line":3,"column":0},"end":{"line":8,"column":2}}},"fnMap":{},"branchMap":{},"s":{"0":4,"1":4},"f":{},"b":{},"_coverageSchema":"332fd63041d2c1bcb487cc26dd0d5f7d97098a6c","hash":"a2d5017d57ed6c3d28751dd64ac663a1534185f1"}
,"C:\\Users\\italo\\Documents\\uni\\road\\ES-Backend\\config\\axios.js": {"path":"C:\\Users\\italo\\Documents\\uni\\road\\ES-Backend\\config\\axios.js","statementMap":{"0":{"start":{"line":2,"column":2},"end":{"line":3,"column":54}},"1":{"start":{"line":5,"column":14},"end":{"line":11,"column":2}},"2":{"start":{"line":13,"column":0},"end":{"line":13,"column":23}}},"fnMap":{},"branchMap":{"0":{"loc":{"start":{"line":2,"column":2},"end":{"line":3,"column":54}},"type":"binary-expr","locations":[{"start":{"line":2,"column":2},"end":{"line":2,"column":36}},{"start":{"line":3,"column":4},"end":{"line":3,"column":54}}],"line":2}},"s":{"0":4,"1":4,"2":4},"f":{},"b":{"0":[4,4]},"_coverageSchema":"332fd63041d2c1bcb487cc26dd0d5f7d97098a6c","hash":"699fc83b341081f85cdbd8b44b68d44223e436b2"}
,"C:\\Users\\italo\\Documents\\uni\\road\\ES-Backend\\config\\database.js": {"path":"C:\\Users\\italo\\Documents\\uni\\road\\ES-Backend\\config\\database.js","statementMap":{"0":{"start":{"line":1,"column":17},"end":{"line":1,"column":36}},"1":{"start":{"line":3,"column":0},"end":{"line":49,"column":2}},"2":{"start":{"line":4,"column":15},"end":{"line":4,"column":36}},"3":{"start":{"line":6,"column":20},"end":{"line":23,"column":3}},"4":{"start":{"line":7,"column":17},"end":{"line":7,"column":39}},"5":{"start":{"line":8,"column":4},"end":{"line":22,"column":5}},"6":{"start":{"line":9,"column":20},"end":{"line":9,"column":44}},"7":{"start":{"line":10,"column":6},"end":{"line":19,"column":7}},"8":{"start":{"line":11,"column":24},"end":{"line":11,"column":34}},"9":{"start":{"line":12,"column":8},"end":{"line":12,"column":43}},"10":{"start":{"line":13,"column":8},"end":{"line":13,"column":51}},"11":{"start":{"line":14,"column":8},"end":{"line":14,"column":55}},"12":{"start":{"line":15,"column":8},"end":{"line":15,"column":42}},"13":{"start":{"line":16,"column":8},"end":{"line":16,"column":71}},"14":{"start":{"line":17,"column":8},"end":{"line":17,"column":29}},"15":{"start":{"line":18,"column":8},"end":{"line":18,"column":43}},"16":{"start":{"line":21,"column":6},"end":{"line":21,"column":35}},"17":{"start":{"line":25,"column":2},"end":{"line":46,"column":3}},"18":{"start":{"line":26,"column":4},"end":{"line":30,"column":7}},"19":{"start":{"line":27,"column":6},"end":{"line":29,"column":9}},"20":{"start":{"line":28,"column":8},"end":{"line":28,"column":53}},"21":{"start":{"line":32,"column":4},"end":{"line":34,"column":7}},"22":{"start":{"line":33,"column":6},"end":{"line":33,"column":56}},"23":{"start":{"line":36,"column":4},"end":{"line":38,"column":7}},"24":{"start":{"line":37,"column":6},"end":{"line":37,"column":58}},"25":{"start":{"line":40,"column":4},"end":{"line":45,"column":7}},"26":{"start":{"line":41,"column":6},"end":{"line":44,"column":9}},"27":{"start":{"line":42,"column":8},"end":{"line":42,"column":73}},"28":{"start":{"line":43,"column":8},"end":{"line":43,"column":24}},"29":{"start":{"line":48,"column":2},"end":{"line":48,"column":14}}},"fnMap":{"0":{"name":"(anonymous_0)","decl":{"start":{"line":3,"column":17},"end":{"line":3,"column":18}},"loc":{"start":{"line":3,"column":26},"end":{"line":49,"column":1}},"line":3},"1":{"name":"(anonymous_1)","decl":{"start":{"line":6,"column":20},"end":{"line":6,"column":21}},"loc":{"start":{"line":6,"column":32},"end":{"line":23,"column":3}},"line":6},"2":{"name":"(anonymous_2)","decl":{"start":{"line":26,"column":40},"end":{"line":26,"column":41}},"loc":{"start":{"line":26,"column":46},"end":{"line":30,"column":5}},"line":26},"3":{"name":"(anonymous_3)","decl":{"start":{"line":27,"column":23},"end":{"line":27,"column":24}},"loc":{"start":{"line":27,"column":29},"end":{"line":29,"column":7}},"line":27},"4":{"name":"(anonymous_4)","decl":{"start":{"line":32,"column":43},"end":{"line":32,"column":44}},"loc":{"start":{"line":32,"column":49},"end":{"line":34,"column":5}},"line":32},"5":{"name":"(anonymous_5)","decl":{"start":{"line":36,"column":36},"end":{"line":36,"column":37}},"loc":{"start":{"line":36,"column":47},"end":{"line":38,"column":5}},"line":36},"6":{"name":"(anonymous_6)","decl":{"start":{"line":40,"column":25},"end":{"line":40,"column":26}},"loc":{"start":{"line":40,"column":31},"end":{"line":45,"column":5}},"line":40},"7":{"name":"(anonymous_7)","decl":{"start":{"line":41,"column":32},"end":{"line":41,"column":33}},"loc":{"start":{"line":41,"column":38},"end":{"line":44,"column":7}},"line":41}},"branchMap":{"0":{"loc":{"start":{"line":10,"column":6},"end":{"line":19,"column":7}},"type":"if","locations":[{"start":{"line":10,"column":6},"end":{"line":19,"column":7}},{"start":{"line":10,"column":6},"end":{"line":19,"column":7}}],"line":10},"1":{"loc":{"start":{"line":25,"column":2},"end":{"line":46,"column":3}},"type":"if","locations":[{"start":{"line":25,"column":2},"end":{"line":46,"column":3}},{"start":{"line":25,"column":2},"end":{"line":46,"column":3}}],"line":25}},"s":{"0":4,"1":4,"2":4,"3":4,"4":0,"5":0,"6":0,"7":0,"8":0,"9":0,"10":0,"11":0,"12":0,"13":0,"14":0,"15":0,"16":0,"17":4,"18":0,"19":0,"20":0,"21":0,"22":0,"23":0,"24":0,"25":0,"26":0,"27":0,"28":0,"29":4},"f":{"0":4,"1":0,"2":0,"3":0,"4":0,"5":0,"6":0,"7":0},"b":{"0":[0,0],"1":[0,4]},"_coverageSchema":"332fd63041d2c1bcb487cc26dd0d5f7d97098a6c","hash":"5c4ce7f4b2bf754d4e641d351171a0648733a820"}
,"C:\\Users\\italo\\Documents\\uni\\road\\ES-Backend\\config\\express.js": {"path":"C:\\Users\\italo\\Documents\\uni\\road\\ES-Backend\\config\\express.js","statementMap":{"0":{"start":{"line":1,"column":16},"end":{"line":1,"column":34}},"1":{"start":{"line":2,"column":13},"end":{"line":2,"column":36}},"2":{"start":{"line":3,"column":19},"end":{"line":3,"column":41}},"3":{"start":{"line":4,"column":15},"end":{"line":4,"column":32}},"4":{"start":{"line":6,"column":0},"end":{"line":24,"column":2}},"5":{"start":{"line":7,"column":14},"end":{"line":7,"column":23}},"6":{"start":{"line":10,"column":2},"end":{"line":10,"column":24}},"7":{"start":{"line":12,"column":2},"end":{"line":12,"column":53}},"8":{"start":{"line":13,"column":2},"end":{"line":13,"column":29}},"9":{"start":{"line":15,"column":2},"end":{"line":15,"column":20}},"10":{"start":{"line":17,"column":2},"end":{"line":21,"column":15}},"11":{"start":{"line":23,"column":2},"end":{"line":23,"column":13}}},"fnMap":{"0":{"name":"(anonymous_0)","decl":{"start":{"line":6,"column":17},"end":{"line":6,"column":18}},"loc":{"start":{"line":6,"column":23},"end":{"line":24,"column":1}},"line":6}},"branchMap":{},"s":{"0":4,"1":4,"2":4,"3":4,"4":4,"5":4,"6":4,"7":4,"8":4,"9":4,"10":4,"11":4},"f":{"0":4},"b":{},"_coverageSchema":"332fd63041d2c1bcb487cc26dd0d5f7d97098a6c","hash":"ec772c9ef2ac153cf8ef65a7347dd87134488750"}
,"C:\\Users\\italo\\Documents\\uni\\road\\ES-Backend\\config\\passport.js": {"path":"C:\\Users\\italo\\Documents\\uni\\road\\ES-Backend\\config\\passport.js","statementMap":{"0":{"start":{"line":1,"column":17},"end":{"line":1,"column":36}},"1":{"start":{"line":4,"column":23},"end":{"line":4,"column":54}},"2":{"start":{"line":9,"column":17},"end":{"line":9,"column":36}},"3":{"start":{"line":11,"column":13},"end":{"line":11,"column":35}},"4":{"start":{"line":13,"column":0},"end":{"line":38,"column":2}},"5":{"start":{"line":14,"column":2},"end":{"line":16,"column":5}},"6":{"start":{"line":15,"column":4},"end":{"line":15,"column":25}},"7":{"start":{"line":18,"column":2},"end":{"line":22,"column":5}},"8":{"start":{"line":19,"column":4},"end":{"line":21,"column":7}},"9":{"start":{"line":20,"column":6},"end":{"line":20,"column":24}},"10":{"start":{"line":23,"column":2},"end":{"line":37,"column":4}},"11":{"start":{"line":26,"column":6},"end":{"line":35,"column":9}},"12":{"start":{"line":27,"column":8},"end":{"line":29,"column":9}},"13":{"start":{"line":28,"column":10},"end":{"line":28,"column":25}},"14":{"start":{"line":30,"column":8},"end":{"line":32,"column":9}},"15":{"start":{"line":31,"column":10},"end":{"line":31,"column":33}},"16":{"start":{"line":34,"column":8},"end":{"line":34,"column":30}}},"fnMap":{"0":{"name":"(anonymous_0)","decl":{"start":{"line":13,"column":17},"end":{"line":13,"column":18}},"loc":{"start":{"line":13,"column":23},"end":{"line":38,"column":1}},"line":13},"1":{"name":"(anonymous_1)","decl":{"start":{"line":14,"column":25},"end":{"line":14,"column":26}},"loc":{"start":{"line":14,"column":41},"end":{"line":16,"column":3}},"line":14},"2":{"name":"(anonymous_2)","decl":{"start":{"line":18,"column":27},"end":{"line":18,"column":28}},"loc":{"start":{"line":18,"column":41},"end":{"line":22,"column":3}},"line":18},"3":{"name":"(anonymous_3)","decl":{"start":{"line":19,"column":22},"end":{"line":19,"column":23}},"loc":{"start":{"line":19,"column":39},"end":{"line":21,"column":5}},"line":19},"4":{"name":"(anonymous_4)","decl":{"start":{"line":25,"column":23},"end":{"line":25,"column":24}},"loc":{"start":{"line":25,"column":38},"end":{"line":36,"column":5}},"line":25},"5":{"name":"(anonymous_5)","decl":{"start":{"line":26,"column":30},"end":{"line":26,"column":31}},"loc":{"start":{"line":26,"column":45},"end":{"line":35,"column":7}},"line":26}},"branchMap":{"0":{"loc":{"start":{"line":27,"column":8},"end":{"line":29,"column":9}},"type":"if","locations":[{"start":{"line":27,"column":8},"end":{"line":29,"column":9}},{"start":{"line":27,"column":8},"end":{"line":29,"column":9}}],"line":27},"1":{"loc":{"start":{"line":30,"column":8},"end":{"line":32,"column":9}},"type":"if","locations":[{"start":{"line":30,"column":8},"end":{"line":32,"column":9}},{"start":{"line":30,"column":8},"end":{"line":32,"column":9}}],"line":30}},"s":{"0":4,"1":4,"2":4,"3":4,"4":4,"5":4,"6":0,"7":4,"8":0,"9":0,"10":4,"11":26,"12":26,"13":0,"14":26,"15":0,"16":26},"f":{"0":4,"1":0,"2":0,"3":0,"4":26,"5":26},"b":{"0":[0,26],"1":[0,26]},"_coverageSchema":"332fd63041d2c1bcb487cc26dd0d5f7d97098a6c","hash":"357ac63f2b5dafb590696002130f059de4f815b9"}
}
