TN:
SF:C:\Users\italo\Documents\uni\road\ES-Backend\app\controllers\auth.js
FN:3,(anonymous_0)
FN:14,(anonymous_1)
FN:17,(anonymous_2)
FN:28,(anonymous_3)
FN:40,(anonymous_4)
FN:44,(anonymous_5)
FN:55,(anonymous_6)
FN:57,(anonymous_7)
FNF:8
FNH:6
FNDA:4,(anonymous_0)
FNDA:6,(anonymous_1)
FNDA:6,(anonymous_2)
FNDA:6,(anonymous_3)
FNDA:0,(anonymous_4)
FNDA:0,(anonymous_5)
FNDA:1,(anonymous_6)
FNDA:1,(anonymous_7)
DA:1,4
DA:3,4
DA:4,4
DA:6,4
DA:14,4
DA:15,6
DA:18,6
DA:19,0
DA:22,6
DA:23,0
DA:26,6
DA:31,6
DA:32,6
DA:41,0
DA:45,0
DA:46,0
DA:55,4
DA:56,1
DA:57,1
DA:58,1
DA:59,0
DA:60,0
DA:62,1
DA:66,4
LF:24
LH:17
BRDA:18,0,0,0
BRDA:18,0,1,6
BRDA:22,1,0,0
BRDA:22,1,1,6
BRDA:58,2,0,0
BRDA:58,2,1,1
BRF:6
BRH:3
end_of_record
TN:
SF:C:\Users\italo\Documents\uni\road\ES-Backend\app\controllers\car.js
FN:5,(anonymous_0)
FN:14,(anonymous_1)
FN:32,(anonymous_2)
FN:36,(anonymous_3)
FN:37,(anonymous_4)
FN:44,(anonymous_5)
FN:50,(anonymous_6)
FN:51,(anonymous_7)
FN:58,(anonymous_8)
FN:87,(anonymous_9)
FN:99,(anonymous_10)
FN:106,(anonymous_11)
FN:124,(anonymous_12)
FN:139,(anonymous_13)
FN:146,(anonymous_14)
FN:151,(anonymous_15)
FN:152,(anonymous_16)
FNF:17
FNH:12
FNDA:4,(anonymous_0)
FNDA:6,(anonymous_1)
FNDA:2,(anonymous_2)
FNDA:2,(anonymous_3)
FNDA:0,(anonymous_4)
FNDA:2,(anonymous_5)
FNDA:2,(anonymous_6)
FNDA:0,(anonymous_7)
FNDA:5,(anonymous_8)
FNDA:2,(anonymous_9)
FNDA:0,(anonymous_10)
FNDA:1,(anonymous_11)
FNDA:1,(anonymous_12)
FNDA:0,(anonymous_13)
FNDA:1,(anonymous_14)
FNDA:1,(anonymous_15)
FNDA:0,(anonymous_16)
DA:1,4
DA:2,4
DA:3,4
DA:5,4
DA:6,4
DA:8,4
DA:10,4
DA:12,4
DA:14,4
DA:17,6
DA:18,6
DA:20,6
DA:24,6
DA:26,6
DA:27,6
DA:28,6
DA:32,4
DA:33,2
DA:34,2
DA:36,2
DA:38,0
DA:39,0
DA:44,4
DA:45,2
DA:46,2
DA:47,2
DA:50,2
DA:52,0
DA:53,0
DA:58,4
DA:59,5
DA:62,5
DA:64,5
DA:73,3
DA:76,2
DA:85,2
DA:88,2
DA:89,2
DA:92,2
DA:94,0
DA:95,0
DA:96,0
DA:100,0
DA:101,0
DA:106,4
DA:107,1
DA:108,1
DA:109,1
DA:110,1
DA:111,1
DA:112,1
DA:113,1
DA:115,1
DA:116,0
DA:119,1
DA:121,1
DA:125,1
DA:126,0
DA:127,0
DA:130,0
DA:132,0
DA:133,0
DA:136,1
DA:140,0
DA:141,0
DA:146,4
DA:147,1
DA:148,1
DA:149,1
DA:151,1
DA:153,0
DA:154,0
DA:158,4
LF:73
LH:54
BRDA:19,0,0,4
BRDA:19,0,1,2
BRDA:19,1,0,6
BRDA:19,1,1,4
BRDA:19,2,0,2
BRDA:19,2,1,2
BRDA:21,3,0,3
BRDA:21,3,1,3
BRDA:21,4,0,6
BRDA:21,4,1,3
BRDA:22,5,0,3
BRDA:22,5,1,3
BRDA:23,6,0,3
BRDA:23,6,1,2
BRDA:25,7,0,4
BRDA:25,7,1,2
BRDA:25,8,0,6
BRDA:25,8,1,6
BRDA:25,9,0,2
BRDA:25,9,1,0
BRDA:26,10,0,3
BRDA:26,10,1,3
BRDA:26,11,0,6
BRDA:26,11,1,4
BRDA:26,12,0,3
BRDA:26,12,1,1
BRDA:27,13,0,2
BRDA:27,13,1,4
BRDA:27,14,0,6
BRDA:27,14,1,4
BRDA:27,15,0,4
BRDA:27,15,1,2
BRDA:64,16,0,3
BRDA:64,16,1,2
BRDA:109,17,0,0
BRDA:109,17,1,1
BRDA:110,18,0,1
BRDA:110,18,1,0
BRDA:111,19,0,0
BRDA:111,19,1,1
BRDA:112,20,0,0
BRDA:112,20,1,1
BRDA:113,21,0,0
BRDA:113,21,1,1
BRDA:115,22,0,0
BRDA:115,22,1,1
BRDA:125,23,0,0
BRDA:125,23,1,1
BRF:48
BRH:40
end_of_record
TN:
SF:C:\Users\italo\Documents\uni\road\ES-Backend\app\controllers\mileage.js
FN:3,(anonymous_0)
FN:10,(anonymous_1)
FN:17,(anonymous_2)
FN:32,(anonymous_3)
FN:56,(anonymous_4)
FNF:5
FNH:3
FNDA:12,(anonymous_0)
FNDA:4,(anonymous_1)
FNDA:0,(anonymous_2)
FNDA:4,(anonymous_3)
FNDA:0,(anonymous_4)
DA:1,4
DA:3,4
DA:4,12
DA:5,12
DA:6,12
DA:8,12
DA:10,12
DA:11,4
DA:12,4
DA:17,12
DA:18,0
DA:19,0
DA:20,0
DA:21,0
DA:22,0
DA:23,0
DA:25,0
DA:27,0
DA:28,0
DA:32,12
DA:37,4
DA:38,4
DA:39,4
DA:40,4
DA:46,4
DA:47,4
DA:49,0
DA:51,0
DA:52,0
DA:56,12
DA:57,0
DA:58,0
DA:59,0
DA:60,0
DA:61,0
DA:62,0
DA:63,0
DA:65,0
DA:67,0
DA:68,0
DA:72,12
LF:41
LH:19
BRDA:21,0,0,0
BRDA:21,0,1,0
BRDA:35,1,0,2
BRDA:39,2,0,4
BRDA:39,2,1,0
BRDA:61,3,0,0
BRDA:61,3,1,0
BRF:7
BRH:2
end_of_record
TN:
SF:C:\Users\italo\Documents\uni\road\ES-Backend\app\controllers\service.js
FN:6,(anonymous_0)
FN:13,(anonymous_1)
FN:34,(anonymous_2)
FN:39,(anonymous_3)
FN:54,(anonymous_4)
FN:70,(anonymous_5)
FN:132,(anonymous_6)
FN:167,(anonymous_7)
FNF:8
FNH:8
FNDA:4,(anonymous_0)
FNDA:6,(anonymous_1)
FNDA:11,(anonymous_2)
FNDA:2,(anonymous_3)
FNDA:2,(anonymous_4)
FNDA:5,(anonymous_5)
FNDA:1,(anonymous_6)
FNDA:1,(anonymous_7)
DA:1,4
DA:2,4
DA:3,4
DA:4,4
DA:6,4
DA:7,4
DA:8,4
DA:9,4
DA:11,4
DA:13,4
DA:20,6
DA:21,6
DA:22,6
DA:23,6
DA:27,6
DA:31,6
DA:34,4
DA:35,11
DA:36,11
DA:39,4
DA:40,2
DA:41,2
DA:42,2
DA:43,2
DA:44,2
DA:45,2
DA:47,0
DA:49,0
DA:50,0
DA:54,4
DA:55,2
DA:56,2
DA:57,2
DA:58,2
DA:59,2
DA:60,2
DA:61,2
DA:63,0
DA:65,0
DA:66,0
DA:70,4
DA:71,5
DA:72,5
DA:73,5
DA:74,5
DA:81,5
DA:83,5
DA:85,5
DA:93,3
DA:96,2
DA:105,2
DA:109,2
DA:110,2
DA:111,2
DA:115,2
DA:116,2
DA:118,0
DA:119,0
DA:122,0
DA:125,0
DA:127,0
DA:128,0
DA:132,4
DA:133,1
DA:134,1
DA:135,1
DA:136,1
DA:139,1
DA:141,1
DA:142,1
DA:143,1
DA:144,1
DA:145,1
DA:147,1
DA:149,1
DA:150,0
DA:153,1
DA:155,1
DA:158,1
DA:160,0
DA:162,0
DA:163,0
DA:167,4
DA:168,1
DA:169,1
DA:170,1
DA:171,1
DA:172,1
DA:173,1
DA:174,1
DA:176,0
DA:178,0
DA:179,0
DA:183,4
LF:94
LH:75
BRDA:21,0,0,4
BRDA:21,0,1,2
BRDA:21,1,0,6
BRDA:21,1,1,4
BRDA:21,2,0,2
BRDA:21,2,1,2
BRDA:22,3,0,4
BRDA:22,3,1,2
BRDA:22,4,0,6
BRDA:22,4,1,5
BRDA:22,5,0,2
BRDA:22,5,1,1
BRDA:24,6,0,3
BRDA:24,6,1,3
BRDA:24,7,0,6
BRDA:24,7,1,5
BRDA:25,8,0,3
BRDA:25,8,1,0
BRDA:26,9,0,3
BRDA:26,9,1,1
BRDA:28,10,0,2
BRDA:28,10,1,4
BRDA:28,11,0,6
BRDA:28,11,1,4
BRDA:30,12,0,4
BRDA:30,12,1,2
BRDA:43,13,0,2
BRDA:43,13,1,0
BRDA:59,14,0,2
BRDA:59,14,1,0
BRDA:74,15,0,5
BRDA:74,15,1,0
BRDA:76,16,0,3
BRDA:85,17,0,3
BRDA:85,17,1,2
BRDA:109,18,0,2
BRDA:109,18,1,0
BRDA:136,19,0,1
BRDA:136,19,1,0
BRDA:142,20,0,0
BRDA:142,20,1,1
BRDA:143,21,0,1
BRDA:143,21,1,0
BRDA:144,22,0,1
BRDA:144,22,1,0
BRDA:145,23,0,0
BRDA:145,23,1,1
BRDA:149,24,0,0
BRDA:149,24,1,1
BRDA:172,25,0,1
BRDA:172,25,1,0
BRF:51
BRH:39
end_of_record
TN:
SF:C:\Users\italo\Documents\uni\road\ES-Backend\app\controllers\user.js
FN:4,(anonymous_0)
FN:17,(anonymous_1)
FN:36,(anonymous_2)
FN:66,(anonymous_3)
FN:70,(anonymous_4)
FN:85,(anonymous_5)
FN:89,(anonymous_6)
FN:104,(anonymous_7)
FN:125,(anonymous_8)
FN:148,(anonymous_9)
FN:163,(anonymous_10)
FN:177,(anonymous_11)
FN:180,(anonymous_12)
FN:187,(anonymous_13)
FN:188,(anonymous_14)
FN:200,(anonymous_15)
FN:204,(anonymous_16)
FN:211,(anonymous_17)
FN:222,(anonymous_18)
FNF:19
FNH:12
FNDA:4,(anonymous_0)
FNDA:6,(anonymous_1)
FNDA:10,(anonymous_2)
FNDA:0,(anonymous_3)
FNDA:0,(anonymous_4)
FNDA:1,(anonymous_5)
FNDA:1,(anonymous_6)
FNDA:9,(anonymous_7)
FNDA:5,(anonymous_8)
FNDA:1,(anonymous_9)
FNDA:1,(anonymous_10)
FNDA:1,(anonymous_11)
FNDA:1,(anonymous_12)
FNDA:1,(anonymous_13)
FNDA:0,(anonymous_14)
FNDA:0,(anonymous_15)
FNDA:0,(anonymous_16)
FNDA:0,(anonymous_17)
FNDA:0,(anonymous_18)
DA:1,4
DA:2,4
DA:4,4
DA:5,4
DA:6,4
DA:8,4
DA:10,4
DA:17,4
DA:18,6
DA:27,6
DA:36,4
DA:42,10
DA:43,10
DA:44,10
DA:49,10
DA:54,10
DA:55,10
DA:57,10
DA:66,4
DA:67,0
DA:71,0
DA:72,0
DA:73,0
DA:75,0
DA:85,4
DA:86,1
DA:87,1
DA:90,1
DA:91,0
DA:92,0
DA:94,1
DA:104,4
DA:107,9
DA:108,9
DA:117,4
DA:119,5
DA:120,5
DA:121,5
DA:122,5
DA:123,5
DA:124,5
DA:125,5
DA:126,5
DA:127,0
DA:128,0
DA:129,0
DA:130,0
DA:132,0
DA:135,0
DA:138,5
DA:148,4
DA:149,1
DA:150,1
DA:151,1
DA:152,1
DA:153,1
DA:155,1
DA:156,0
DA:159,1
DA:161,1
DA:164,1
DA:165,0
DA:166,0
DA:168,1
DA:177,4
DA:178,1
DA:180,1
DA:181,1
DA:182,0
DA:183,0
DA:185,1
DA:187,1
DA:189,0
DA:190,0
DA:200,4
DA:201,0
DA:202,0
DA:205,0
DA:206,0
DA:207,0
DA:209,0
DA:212,0
DA:213,0
DA:214,0
DA:216,0
DA:219,0
DA:223,0
DA:224,0
DA:228,4
LF:89
LH:56
BRDA:43,0,0,9
BRDA:43,0,1,1
BRDA:43,1,0,10
BRDA:43,1,1,9
BRDA:43,2,0,1
BRDA:43,2,1,1
BRDA:45,3,0,7
BRDA:45,3,1,3
BRDA:45,4,0,10
BRDA:45,4,1,8
BRDA:46,5,0,7
BRDA:46,5,1,7
BRDA:48,6,0,3
BRDA:48,6,1,2
BRDA:50,7,0,7
BRDA:50,7,1,3
BRDA:50,8,0,10
BRDA:50,8,1,9
BRDA:51,9,0,7
BRDA:51,9,1,7
BRDA:53,10,0,3
BRDA:53,10,1,1
BRDA:54,11,0,6
BRDA:54,11,1,4
BRDA:54,12,0,10
BRDA:54,12,1,8
BRDA:54,13,0,4
BRDA:54,13,1,2
BRDA:56,14,0,5
BRDA:56,14,1,5
BRDA:56,15,0,10
BRDA:56,15,1,8
BRDA:56,16,0,5
BRDA:56,16,1,2
BRDA:71,17,0,0
BRDA:71,17,1,0
BRDA:90,18,0,0
BRDA:90,18,1,1
BRDA:108,19,0,4
BRDA:108,19,1,5
BRDA:126,20,0,0
BRDA:126,20,1,5
BRDA:129,21,0,0
BRDA:129,21,1,0
BRDA:151,22,0,1
BRDA:151,22,1,0
BRDA:152,23,0,0
BRDA:152,23,1,1
BRDA:153,24,0,0
BRDA:153,24,1,1
BRDA:155,25,0,0
BRDA:155,25,1,1
BRDA:164,26,0,0
BRDA:164,26,1,1
BRDA:181,27,0,0
BRDA:181,27,1,1
BRDA:205,28,0,0
BRDA:205,28,1,0
BRDA:212,29,0,0
BRDA:212,29,1,0
BRF:60
BRH:44
end_of_record
TN:
SF:C:\Users\italo\Documents\uni\road\ES-Backend\app\models\car.js
FN:41,(anonymous_0)
FN:44,(anonymous_1)
FN:45,(anonymous_2)
FN:49,(anonymous_3)
FNF:4
FNH:1
FNDA:0,(anonymous_0)
FNDA:0,(anonymous_1)
FNDA:0,(anonymous_2)
FNDA:4,(anonymous_3)
DA:1,4
DA:3,4
DA:4,4
DA:6,4
DA:41,4
DA:42,0
DA:43,0
DA:44,0
DA:45,0
DA:46,0
DA:49,4
LF:11
LH:6
BRF:0
BRH:0
end_of_record
TN:
SF:C:\Users\italo\Documents\uni\road\ES-Backend\app\models\mileage.js
FN:21,(anonymous_0)
FNF:1
FNH:1
FNDA:4,(anonymous_0)
DA:1,4
DA:3,4
DA:21,4
LF:3
LH:3
BRF:0
BRH:0
end_of_record
TN:
SF:C:\Users\italo\Documents\uni\road\ES-Backend\app\models\service.js
FN:33,(anonymous_0)
FNF:1
FNH:1
FNDA:4,(anonymous_0)
DA:1,4
DA:3,4
DA:33,4
LF:3
LH:3
BRF:0
BRH:0
end_of_record
TN:
SF:C:\Users\italo\Documents\uni\road\ES-Backend\app\models\user.js
FN:43,(anonymous_0)
FN:45,(anonymous_1)
FN:55,(anonymous_2)
FN:65,(anonymous_3)
FN:69,(anonymous_4)
FNF:5
FNH:3
FNDA:0,(anonymous_0)
FNDA:0,(anonymous_1)
FNDA:5,(anonymous_2)
FNDA:6,(anonymous_3)
FNDA:4,(anonymous_4)
DA:1,4
DA:2,4
DA:4,4
DA:6,4
DA:43,4
DA:44,0
DA:45,0
DA:46,0
DA:55,4
DA:56,5
DA:65,4
DA:66,6
DA:69,4
LF:13
LH:10
BRF:0
BRH:0
end_of_record
TN:
SF:C:\Users\italo\Documents\uni\road\ES-Backend\app\routes\auth.js
FN:1,(anonymous_0)
FNF:1
FNH:1
FNDA:4,(anonymous_0)
DA:1,4
DA:2,4
DA:3,4
DA:5,4
DA:6,4
LF:5
LH:5
BRF:0
BRH:0
end_of_record
TN:
SF:C:\Users\italo\Documents\uni\road\ES-Backend\app\routes\car.js
FN:1,(anonymous_0)
FNF:1
FNH:1
FNDA:4,(anonymous_0)
DA:1,4
DA:2,4
DA:3,4
DA:5,4
DA:10,4
LF:5
LH:5
BRF:0
BRH:0
end_of_record
TN:
SF:C:\Users\italo\Documents\uni\road\ES-Backend\app\routes\mileage.js
FN:1,(anonymous_0)
FNF:1
FNH:1
FNDA:4,(anonymous_0)
DA:1,4
DA:2,4
DA:3,4
DA:5,4
DA:7,4
LF:5
LH:5
BRF:0
BRH:0
end_of_record
TN:
SF:C:\Users\italo\Documents\uni\road\ES-Backend\app\routes\service.js
FN:1,(anonymous_0)
FNF:1
FNH:1
FNDA:4,(anonymous_0)
DA:1,4
DA:2,4
DA:3,4
DA:5,4
DA:10,4
LF:5
LH:5
BRF:0
BRH:0
end_of_record
TN:
SF:C:\Users\italo\Documents\uni\road\ES-Backend\app\routes\user.js
FN:1,(anonymous_0)
FNF:1
FNH:1
FNDA:4,(anonymous_0)
DA:1,4
DA:2,4
DA:3,4
DA:5,4
DA:14,4
LF:5
LH:5
BRF:0
BRH:0
end_of_record
TN:
SF:C:\Users\italo\Documents\uni\road\ES-Backend\app\utils\exception.js
FN:2,(anonymous_0)
FNF:1
FNH:0
FNDA:0,(anonymous_0)
DA:1,4
DA:2,0
LF:2
LH:1
BRF:0
BRH:0
end_of_record
TN:
SF:C:\Users\italo\Documents\uni\road\ES-Backend\app\utils\notifications.js
FN:6,(anonymous_0)
FNF:1
FNH:0
FNDA:0,(anonymous_0)
DA:1,4
DA:3,4
DA:5,4
DA:7,0
DA:8,0
DA:9,0
DA:11,0
LF:7
LH:3
BRF:0
BRH:0
end_of_record
TN:
SF:C:\Users\italo\Documents\uni\road\ES-Backend\app\utils\permission.js
FNF:0
FNH:0
DA:1,4
DA:3,4
LF:2
LH:2
BRF:0
BRH:0
end_of_record
TN:
SF:C:\Users\italo\Documents\uni\road\ES-Backend\config\axios.js
FNF:0
FNH:0
DA:2,4
DA:5,4
DA:13,4
LF:3
LH:3
BRDA:2,0,0,4
BRDA:2,0,1,4
BRF:2
BRH:2
end_of_record
TN:
SF:C:\Users\italo\Documents\uni\road\ES-Backend\config\database.js
FN:3,(anonymous_0)
FN:6,(anonymous_1)
FN:26,(anonymous_2)
FN:27,(anonymous_3)
FN:32,(anonymous_4)
FN:36,(anonymous_5)
FN:40,(anonymous_6)
FN:41,(anonymous_7)
FNF:8
FNH:1
FNDA:4,(anonymous_0)
FNDA:0,(anonymous_1)
FNDA:0,(anonymous_2)
FNDA:0,(anonymous_3)
FNDA:0,(anonymous_4)
FNDA:0,(anonymous_5)
FNDA:0,(anonymous_6)
FNDA:0,(anonymous_7)
DA:1,4
DA:3,4
DA:4,4
DA:6,4
DA:7,0
DA:8,0
DA:9,0
DA:10,0
DA:11,0
DA:12,0
DA:13,0
DA:14,0
DA:15,0
DA:16,0
DA:17,0
DA:18,0
DA:21,0
DA:25,4
DA:26,0
DA:27,0
DA:28,0
DA:32,0
DA:33,0
DA:36,0
DA:37,0
DA:40,0
DA:41,0
DA:42,0
DA:43,0
DA:48,4
LF:30
LH:6
BRDA:10,0,0,0
BRDA:10,0,1,0
BRDA:25,1,0,0
BRDA:25,1,1,4
BRF:4
BRH:1
end_of_record
TN:
SF:C:\Users\italo\Documents\uni\road\ES-Backend\config\express.js
FN:6,(anonymous_0)
FNF:1
FNH:1
FNDA:4,(anonymous_0)
DA:1,4
DA:2,4
DA:3,4
DA:4,4
DA:6,4
DA:7,4
DA:10,4
DA:12,4
DA:13,4
DA:15,4
DA:17,4
DA:23,4
LF:12
LH:12
BRF:0
BRH:0
end_of_record
TN:
SF:C:\Users\italo\Documents\uni\road\ES-Backend\config\passport.js
FN:13,(anonymous_0)
FN:14,(anonymous_1)
FN:18,(anonymous_2)
FN:19,(anonymous_3)
FN:25,(anonymous_4)
FN:26,(anonymous_5)
FNF:6
FNH:3
FNDA:4,(anonymous_0)
FNDA:0,(anonymous_1)
FNDA:0,(anonymous_2)
FNDA:0,(anonymous_3)
FNDA:26,(anonymous_4)
FNDA:26,(anonymous_5)
DA:1,4
DA:4,4
DA:9,4
DA:11,4
DA:13,4
DA:14,4
DA:15,0
DA:18,4
DA:19,0
DA:20,0
DA:23,4
DA:26,26
DA:27,26
DA:28,0
DA:30,26
DA:31,0
DA:34,26
LF:17
LH:12
BRDA:27,0,0,0
BRDA:27,0,1,26
BRDA:30,1,0,0
BRDA:30,1,1,26
BRF:4
BRH:2
end_of_record
